This is pdfTeX, Version 3.14159265-2.6-1.40.18 (MiKTeX 2.9.6500) (preloaded format=pdflatex 2018.1.22)  24 OCT 2020 17:48
entering extended mode
**./practice.tex
(practice.tex
LaTeX2e <2017-04-15>
Babel <3.16> and hyphenation patterns for 75 language(s) loaded.
(SCWorks.cls
(E:\СѓС‡РµР±Р°\PortableTEX\texmfs\install\tex\latex\extsizes\extarticle.cls
Document Class: extarticle 1996/10/08 v1.0 Non Standard LaTeX document class
(E:\СѓС‡РµР±Р°\PortableTEX\texmfs\install\tex\latex\extsizes\size14.clo
File: size14.clo 1999/11/11 v1.4a NON-Standard LaTeX file (size option)
)
(E:\СѓС‡РµР±Р°\PortableTEX\texmfs\install\tex\latex\base\exscale.sty
Package: exscale 2014/09/29 v2.1h Standard LaTeX package exscale
LaTeX Font Info:    Redeclaring symbol font `largesymbols' on input line 57.
LaTeX Font Info:    Overwriting symbol font `largesymbols' in version `normal'
(Font)                  OMX/cmex/m/n --> OMX/cmex/m/n on input line 57.
LaTeX Font Info:    Overwriting symbol font `largesymbols' in version `bold'
(Font)                  OMX/cmex/m/n --> OMX/cmex/m/n on input line 57.
\big@size=\dimen102
)
\c@part=\count79
\c@section=\count80
\c@subsection=\count81
\c@subsubsection=\count82
\c@paragraph=\count83
\c@subparagraph=\count84
\c@figure=\count85
\c@table=\count86
\abovecaptionskip=\skip41
\belowcaptionskip=\skip42
\bibindent=\dimen103
)
(E:\СѓС‡РµР±Р°\PortableTEX\texmfs\install\tex\latex\geometry\geometry.sty
Package: geometry 2010/09/12 v5.6 Page Geometry

(E:\СѓС‡РµР±Р°\PortableTEX\texmfs\install\tex\latex\graphics\keyval.sty
Package: keyval 2014/10/28 v1.15 key=value parser (DPC)
\KV@toks@=\toks14
)
(E:\СѓС‡РµР±Р°\PortableTEX\texmfs\install\tex\generic\oberdiek\ifpdf.sty
Package: ifpdf 2017/03/15 v3.2 Provides the ifpdf switch
)
(E:\СѓС‡РµР±Р°\PortableTEX\texmfs\install\tex\generic\oberdiek\ifvtex.sty
Package: ifvtex 2016/05/16 v1.6 Detect VTeX and its facilities (HO)
Package ifvtex Info: VTeX not detected.
)
(E:\СѓС‡РµР±Р°\PortableTEX\texmfs\install\tex\generic\ifxetex\ifxetex.sty
Package: ifxetex 2010/09/12 v0.6 Provides ifxetex conditional
)
\Gm@cnth=\count87
\Gm@cntv=\count88
\c@Gm@tempcnt=\count89
\Gm@bindingoffset=\dimen104
\Gm@wd@mp=\dimen105
\Gm@odd@mp=\dimen106
\Gm@even@mp=\dimen107
\Gm@layoutwidth=\dimen108
\Gm@layoutheight=\dimen109
\Gm@layouthoffset=\dimen110
\Gm@layoutvoffset=\dimen111
\Gm@dimlist=\toks15

(E:\СѓС‡РµР±Р°\PortableTEX\texmfs\install\tex\latex\geometry\geometry.cfg))
(E:\СѓС‡РµР±Р°\PortableTEX\texmfs\install\tex\latex\setspace\setspace.sty
Package: setspace 2011/12/19 v6.7a set line spacing
)
(E:\СѓС‡РµР±Р°\PortableTEX\texmfs\install\tex\latex\tools\calc.sty
Package: calc 2014/10/28 v4.3 Infix arithmetic (KKT,FJ)
\calc@Acount=\count90
\calc@Bcount=\count91
\calc@Adimen=\dimen112
\calc@Bdimen=\dimen113
\calc@Askip=\skip43
\calc@Bskip=\skip44
LaTeX Info: Redefining \setlength on input line 80.
LaTeX Info: Redefining \addtolength on input line 81.
\calc@Ccount=\count92
\calc@Cskip=\skip45
)
(E:\СѓС‡РµР±Р°\PortableTEX\texmfs\install\tex\latex\titlesec\titlesec.sty
Package: titlesec 2016/03/21 v2.10.2 Sectioning titles
\ttl@box=\box26
\beforetitleunit=\skip46
\aftertitleunit=\skip47
\ttl@plus=\dimen114
\ttl@minus=\dimen115
\ttl@toksa=\toks16
\titlewidth=\dimen116
\titlewidthlast=\dimen117
\titlewidthfirst=\dimen118
)
(E:\СѓС‡РµР±Р°\PortableTEX\texmfs\install\tex\latex\titlesec\titletoc.sty
Package: titletoc 2011/12/15 v1.6 TOC entries
\ttl@leftsep=\dimen119
)
(E:\СѓС‡РµР±Р°\PortableTEX\texmfs\install\tex\latex\caption\caption.sty
Package: caption 2016/02/21 v3.3-144 Customizing captions (AR)

(E:\СѓС‡РµР±Р°\PortableTEX\texmfs\install\tex\latex\caption\caption3.sty
Package: caption3 2016/05/22 v1.7-166 caption3 kernel (AR)
Package caption3 Info: TeX engine: e-TeX on input line 67.
\captionmargin=\dimen120
\captionmargin@=\dimen121
\captionwidth=\dimen122
\caption@tempdima=\dimen123
\caption@indent=\dimen124
\caption@parindent=\dimen125
\caption@hangindent=\dimen126
)
\c@ContinuedFloat=\count93
)
(E:\СѓС‡РµР±Р°\PortableTEX\texmfs\install\tex\latex\graphics\graphicx.sty
Package: graphicx 2017/06/01 v1.1a Enhanced LaTeX Graphics (DPC,SPQR)

(E:\СѓС‡РµР±Р°\PortableTEX\texmfs\install\tex\latex\graphics\graphics.sty
Package: graphics 2017/06/25 v1.2c Standard LaTeX Graphics (DPC,SPQR)

(E:\СѓС‡РµР±Р°\PortableTEX\texmfs\install\tex\latex\graphics\trig.sty
Package: trig 2016/01/03 v1.10 sin cos tan (DPC)
)
(E:\СѓС‡РµР±Р°\PortableTEX\texmfs\install\tex\latex\graphics-cfg\graphics.cfg
File: graphics.cfg 2016/06/04 v1.11 sample graphics configuration
)
Package graphics Info: Driver file: pdftex.def on input line 99.

(E:\СѓС‡РµР±Р°\PortableTEX\texmfs\install\tex\latex\graphics-def\pdftex.def
File: pdftex.def 2018/01/08 v1.0l Graphics/color driver for pdftex
))
\Gin@req@height=\dimen127
\Gin@req@width=\dimen128
)
(E:\СѓС‡РµР±Р°\PortableTEX\texmfs\install\tex\latex\enumitem\enumitem.sty
Package: enumitem 2011/09/28 v3.5.2 Customized lists
\labelindent=\skip48
\enit@outerparindent=\dimen129
\enit@toks=\toks17
\enit@inbox=\box27
\enitdp@description=\count94
)
\tmp=\skip49

(E:\СѓС‡РµР±Р°\PortableTEX\texmfs\install\tex\latex\titlesec\block.tss
File: block.tss 2016/03/15
))
LaTeX Font Info:    Try loading font information for T1+txtt on input line 23.

(E:\СѓС‡РµР±Р°\PortableTEX\texmfs\install\tex\latex\txfonts\t1txtt.fd
File: t1txtt.fd 2000/12/15 v3.1
)
(E:\СѓС‡РµР±Р°\PortableTEX\texmfs\install\tex\latex\base\fontenc.sty
Package: fontenc 2017/04/05 v2.0i Standard LaTeX package

(E:\СѓС‡РµР±Р°\PortableTEX\texmfs\install\tex\latex\cyrillic\t2aenc.def
File: t2aenc.def 2005/09/27 v1.0i Cyrillic encoding definition file
)
LaTeX Font Info:    Try loading font information for T2A+cmr on input line 105.


(E:\СѓС‡РµР±Р°\PortableTEX\texmfs\install\tex\latex\cyrillic\t2acmr.fd
File: t2acmr.fd 2001/08/11 v1.0a Computer Modern Cyrillic font definitions
))
(E:\СѓС‡РµР±Р°\PortableTEX\texmfs\install\tex\latex\base\inputenc.sty
Package: inputenc 2015/03/17 v1.2c Input encoding file
\inpenc@prehook=\toks18
\inpenc@posthook=\toks19

(E:\СѓС‡РµР±Р°\PortableTEX\texmfs\install\tex\latex\cyrillic\cp1251.def
File: cp1251.def 2014/10/28 v1.0d Input encoding file
))
(E:\СѓС‡РµР±Р°\PortableTEX\texmfs\install\tex\latex\cite\cite.sty
LaTeX Info: Redefining \cite on input line 302.
LaTeX Info: Redefining \nocite on input line 332.
Package: cite 2015/02/27  v 5.5
)
(E:\СѓС‡РµР±Р°\PortableTEX\texmfs\install\tex\latex\amsmath\amsmath.sty
Package: amsmath 2017/09/02 v2.17a AMS math features
\@mathmargin=\skip50

For additional information on amsmath, use the `?' option.
(E:\СѓС‡РµР±Р°\PortableTEX\texmfs\install\tex\latex\amsmath\amstext.sty
Package: amstext 2000/06/29 v2.01 AMS text

(E:\СѓС‡РµР±Р°\PortableTEX\texmfs\install\tex\latex\amsmath\amsgen.sty
File: amsgen.sty 1999/11/30 v2.0 generic functions
\@emptytoks=\toks20
\ex@=\dimen130
))
(E:\СѓС‡РµР±Р°\PortableTEX\texmfs\install\tex\latex\amsmath\amsbsy.sty
Package: amsbsy 1999/11/29 v1.2d Bold Symbols
\pmbraise@=\dimen131
)
(E:\СѓС‡РµР±Р°\PortableTEX\texmfs\install\tex\latex\amsmath\amsopn.sty
Package: amsopn 2016/03/08 v2.02 operator names
)
\inf@bad=\count95
LaTeX Info: Redefining \frac on input line 213.
\uproot@=\count96
\leftroot@=\count97
LaTeX Info: Redefining \overline on input line 375.
\classnum@=\count98
\DOTSCASE@=\count99
LaTeX Info: Redefining \ldots on input line 472.
LaTeX Info: Redefining \dots on input line 475.
LaTeX Info: Redefining \cdots on input line 596.
\Mathstrutbox@=\box28
\strutbox@=\box29
\big@size=\dimen132
LaTeX Font Info:    Redeclaring font encoding OML on input line 712.
LaTeX Font Info:    Redeclaring font encoding OMS on input line 713.
\macc@depth=\count100
\c@MaxMatrixCols=\count101
\dotsspace@=\muskip10
\c@parentequation=\count102
\dspbrk@lvl=\count103
\tag@help=\toks21
\row@=\count104
\column@=\count105
\maxfields@=\count106
\andhelp@=\toks22
\eqnshift@=\dimen133
\alignsep@=\dimen134
\tagshift@=\dimen135
\tagwidth@=\dimen136
\totwidth@=\dimen137
\lineht@=\dimen138
\@envbody=\toks23
\multlinegap=\skip51
\multlinetaggap=\skip52
\mathdisplay@stack=\toks24
LaTeX Info: Redefining \[ on input line 2817.
LaTeX Info: Redefining \] on input line 2818.
)
(E:\СѓС‡РµР±Р°\PortableTEX\texmfs\install\tex\latex\amsfonts\amssymb.sty
Package: amssymb 2013/01/14 v3.01 AMS font symbols

(E:\СѓС‡РµР±Р°\PortableTEX\texmfs\install\tex\latex\amsfonts\amsfonts.sty
Package: amsfonts 2013/01/14 v3.01 Basic AMSFonts support
\symAMSa=\mathgroup4
\symAMSb=\mathgroup5
LaTeX Font Info:    Overwriting math alphabet `\mathfrak' in version `bold'
(Font)                  U/euf/m/n --> U/euf/b/n on input line 106.
))
(E:\СѓС‡РµР±Р°\PortableTEX\texmfs\install\tex\latex\amscls\amsthm.sty
Package: amsthm 2017/10/31 v2.20.4
\thm@style=\toks25
\thm@bodyfont=\toks26
\thm@headfont=\toks27
\thm@notefont=\toks28
\thm@headpunct=\toks29
\thm@preskip=\skip53
\thm@postskip=\skip54
\thm@headsep=\skip55
\dth@everypar=\toks30
)
(E:\СѓС‡РµР±Р°\PortableTEX\texmfs\install\tex\latex\fancyvrb\fancyvrb.sty
Package: fancyvrb 2008/02/07

Style option: `fancyvrb' v2.7a, with DG/SPQR fixes, and firstline=lastline fix 
<2008/02/07> (tvz)
\FV@CodeLineNo=\count107
\FV@InFile=\read1
\FV@TabBox=\box30
\c@FancyVerbLine=\count108
\FV@StepNumber=\count109
\FV@OutFile=\write3
)
(E:\СѓС‡РµР±Р°\PortableTEX\texmfs\install\tex\latex\tools\longtable.sty
Package: longtable 2014/10/28 v4.11 Multi-page Table package (DPC)
\LTleft=\skip56
\LTright=\skip57
\LTpre=\skip58
\LTpost=\skip59
\LTchunksize=\count110
\LTcapwidth=\dimen139
\LT@head=\box31
\LT@firsthead=\box32
\LT@foot=\box33
\LT@lastfoot=\box34
\LT@cols=\count111
\LT@rows=\count112
\c@LT@tables=\count113
\c@LT@chunks=\count114
\LT@p@ftn=\toks31
)
(E:\СѓС‡РµР±Р°\PortableTEX\texmfs\install\tex\latex\tools\array.sty
Package: array 2016/10/06 v2.4d Tabular extension package (FMi)
\col@sep=\dimen140
\extrarowheight=\dimen141
\NC@list=\toks32
\extratabsurround=\skip60
\backup@length=\skip61
)
(E:\СѓС‡РµР±Р°\PortableTEX\texmfs\install\tex\latex\graphics\color.sty
Package: color 2016/07/10 v1.1e Standard LaTeX Color (DPC)

(E:\СѓС‡РµР±Р°\PortableTEX\texmfs\install\tex\latex\graphics-cfg\color.cfg
File: color.cfg 2016/01/02 v1.6 sample color configuration
)
Package color Info: Driver file: pdftex.def on input line 147.
)
(E:\СѓС‡РµР±Р°\PortableTEX\texmfs\install\tex\latex\xcolor\xcolor.sty
Package: xcolor 2016/05/11 v2.12 LaTeX color extensions (UK)

(E:\СѓС‡РµР±Р°\PortableTEX\texmfs\install\tex\latex\graphics-cfg\color.cfg
File: color.cfg 2016/01/02 v1.6 sample color configuration
)
Package xcolor Info: Driver file: pdftex.def on input line 225.
LaTeX Info: Redefining \color on input line 709.
Package xcolor Info: Model `cmy' substituted by `cmy0' on input line 1348.
Package xcolor Info: Model `hsb' substituted by `rgb' on input line 1352.
Package xcolor Info: Model `RGB' extended on input line 1364.
Package xcolor Info: Model `HTML' substituted by `rgb' on input line 1366.
Package xcolor Info: Model `Hsb' substituted by `hsb' on input line 1367.
Package xcolor Info: Model `tHsb' substituted by `hsb' on input line 1368.
Package xcolor Info: Model `HSB' substituted by `hsb' on input line 1369.
Package xcolor Info: Model `Gray' substituted by `gray' on input line 1370.
Package xcolor Info: Model `wave' substituted by `hsb' on input line 1371.
)
(E:\СѓС‡РµР±Р°\PortableTEX\texmfs\install\tex\latex\listings\listings.sty
\lst@mode=\count115
\lst@gtempboxa=\box35
\lst@token=\toks33
\lst@length=\count116
\lst@currlwidth=\dimen142
\lst@column=\count117
\lst@pos=\count118
\lst@lostspace=\dimen143
\lst@width=\dimen144
\lst@newlines=\count119
\lst@lineno=\count120
\lst@maxwidth=\dimen145

(E:\СѓС‡РµР±Р°\PortableTEX\texmfs\install\tex\latex\listings\lstmisc.sty
File: lstmisc.sty 2015/06/04 1.6 (Carsten Heinz)
\c@lstnumber=\count121
\lst@skipnumbers=\count122
\lst@framebox=\box36
)
(E:\СѓС‡РµР±Р°\PortableTEX\texmfs\install\tex\latex\listings\listings.cfg
File: listings.cfg 2015/06/04 1.6 listings configuration
))
Package: listings 2015/06/04 1.6 (Carsten Heinz)

(E:\СѓС‡РµР±Р°\PortableTEX\texmfs\install\tex\generic\babel\babel.sty
Package: babel 2018/01/04 3.16 The Babel package

(E:\СѓС‡РµР±Р°\PortableTEX\texmfs\install\tex\generic\babel\switch.def
File: switch.def 2018/01/04 3.16 Babel switching mechanism
)
*************************************
* Local config file bblopts.cfg used
*
(E:\СѓС‡РµР±Р°\PortableTEX\texmfs\install\tex\latex\arabi\bblopts.cfg
File: bblopts.cfg 2005/09/08 v0.1 add Arabic and Farsi to "declared" options of
 babel
)
(E:\СѓС‡РµР±Р°\PortableTEX\texmfs\install\tex\latex\babel-english\english.ldf
Language: english 2017/06/06 v3.3r English support from the babel system

(E:\СѓС‡РµР±Р°\PortableTEX\texmfs\install\tex\generic\babel\babel.def
File: babel.def 2018/01/04 3.16 Babel common definitions

(E:\СѓС‡РµР±Р°\PortableTEX\texmfs\install\tex\generic\babel\switch.def
File: switch.def 2018/01/04 3.16 Babel switching mechanism
)
\babel@savecnt=\count123
\U@D=\dimen146

(E:\СѓС‡РµР±Р°\PortableTEX\texmfs\install\tex\generic\babel\txtbabel.def)
\bbl@dirlevel=\count124
)
\l@canadian = a dialect from \language\l@american 
\l@australian = a dialect from \language\l@british 
\l@newzealand = a dialect from \language\l@british 
)
(E:\СѓС‡РµР±Р°\PortableTEX\texmfs\install\tex\latex\babel-russian\russianb.ldf
Language: russian 2017/08/12 1.3j Russian support for the Babel system
Package babel Info: Making " an active character on input line 120.
Package babel Info: Default for \cyrdash is provided on input line 157.
)) (E:\СѓС‡РµР±Р°\PortableTEX\texmfs\install\tex\latex\hyperref\hyperref.sty
Package: hyperref 2017/03/14 v6.85a Hypertext links for LaTeX

(E:\СѓС‡РµР±Р°\PortableTEX\texmfs\install\tex\generic\oberdiek\hobsub-hyperref.
sty
Package: hobsub-hyperref 2016/05/16 v1.14 Bundle oberdiek, subset hyperref (HO)


(E:\СѓС‡РµР±Р°\PortableTEX\texmfs\install\tex\generic\oberdiek\hobsub-generic.s
ty
Package: hobsub-generic 2016/05/16 v1.14 Bundle oberdiek, subset generic (HO)
Package: hobsub 2016/05/16 v1.14 Construct package bundles (HO)
Package: infwarerr 2016/05/16 v1.4 Providing info/warning/error messages (HO)
Package: ltxcmds 2016/05/16 v1.23 LaTeX kernel commands for general use (HO)
Package: ifluatex 2016/05/16 v1.4 Provides the ifluatex switch (HO)
Package ifluatex Info: LuaTeX not detected.
Package hobsub Info: Skipping package `ifvtex' (already loaded).
Package: intcalc 2016/05/16 v1.2 Expandable calculations with integers (HO)
Package hobsub Info: Skipping package `ifpdf' (already loaded).
Package: etexcmds 2016/05/16 v1.6 Avoid name clashes with e-TeX commands (HO)
Package etexcmds Info: Could not find \expanded.
(etexcmds)             That can mean that you are not using pdfTeX 1.50 or
(etexcmds)             that some package has redefined \expanded.
(etexcmds)             In the latter case, load this package earlier.
Package: kvsetkeys 2016/05/16 v1.17 Key value parser (HO)
Package: kvdefinekeys 2016/05/16 v1.4 Define keys (HO)
Package: pdftexcmds 2017/03/19 v0.25 Utility functions of pdfTeX for LuaTeX (HO
)
Package pdftexcmds Info: LuaTeX not detected.
Package pdftexcmds Info: \pdf@primitive is available.
Package pdftexcmds Info: \pdf@ifprimitive is available.
Package pdftexcmds Info: \pdfdraftmode found.
Package: pdfescape 2016/05/16 v1.14 Implements pdfTeX's escape features (HO)
Package: bigintcalc 2016/05/16 v1.4 Expandable calculations on big integers (HO
)
Package: bitset 2016/05/16 v1.2 Handle bit-vector datatype (HO)
Package: uniquecounter 2016/05/16 v1.3 Provide unlimited unique counter (HO)
)
Package hobsub Info: Skipping package `hobsub' (already loaded).
Package: letltxmacro 2016/05/16 v1.5 Let assignment for LaTeX macros (HO)
Package: hopatch 2016/05/16 v1.3 Wrapper for package hooks (HO)
Package: xcolor-patch 2016/05/16 xcolor patch
Package: atveryend 2016/05/16 v1.9 Hooks at the very end of document (HO)
Package atveryend Info: \enddocument detected (standard20110627).
Package: atbegshi 2016/06/09 v1.18 At begin shipout hook (HO)
Package: refcount 2016/05/16 v3.5 Data extraction from label references (HO)
Package: hycolor 2016/05/16 v1.8 Color options for hyperref/bookmark (HO)
) (E:\СѓС‡РµР±Р°\PortableTEX\texmfs\install\tex\latex\oberdiek\auxhook.sty
Package: auxhook 2016/05/16 v1.4 Hooks for auxiliary files (HO)
)
(E:\СѓС‡РµР±Р°\PortableTEX\texmfs\install\tex\latex\oberdiek\kvoptions.sty
Package: kvoptions 2016/05/16 v3.12 Key value format for package options (HO)
)
\@linkdim=\dimen147
\Hy@linkcounter=\count125
\Hy@pagecounter=\count126

(E:\СѓС‡РµР±Р°\PortableTEX\texmfs\install\tex\latex\hyperref\pd1enc.def
File: pd1enc.def 2017/03/14 v6.85a Hyperref: PDFDocEncoding definition (HO)
)
\Hy@SavedSpaceFactor=\count127
Package hyperref Info: Option `unicode' set `true' on input line 3453.

(E:\СѓС‡РµР±Р°\PortableTEX\texmfs\install\tex\latex\hyperref\puenc.def
File: puenc.def 2017/03/14 v6.85a Hyperref: PDF Unicode definition (HO)
)
(E:\СѓС‡РµР±Р°\PortableTEX\texmfs\install\tex\latex\00miktex\hyperref.cfg
File: hyperref.cfg 2002/06/06 v1.2 hyperref configuration of TeXLive
)
Package hyperref Info: Option `colorlinks' set `true' on input line 4374.
Package hyperref Info: Hyper figures OFF on input line 4498.
Package hyperref Info: Link nesting OFF on input line 4503.
Package hyperref Info: Hyper index ON on input line 4506.
Package hyperref Info: Plain pages OFF on input line 4513.
Package hyperref Info: Backreferencing OFF on input line 4518.
Package hyperref Info: Implicit mode ON; LaTeX internals redefined.
Package hyperref Info: Bookmarks ON on input line 4751.
\c@Hy@tempcnt=\count128

(E:\СѓС‡РµР±Р°\PortableTEX\texmfs\install\tex\latex\url\url.sty
\Urlmuskip=\muskip11
Package: url 2013/09/16  ver 3.4  Verb mode for urls, etc.
)
LaTeX Info: Redefining \url on input line 5104.
\XeTeXLinkMargin=\dimen148
\Fld@menulength=\count129
\Field@Width=\dimen149
\Fld@charsize=\dimen150
Package hyperref Info: Hyper figures OFF on input line 6358.
Package hyperref Info: Link nesting OFF on input line 6363.
Package hyperref Info: Hyper index ON on input line 6366.
Package hyperref Info: backreferencing OFF on input line 6373.
Package hyperref Info: Link coloring ON on input line 6376.
Package hyperref Info: Link coloring with OCG OFF on input line 6383.
Package hyperref Info: PDF/A mode OFF on input line 6388.
LaTeX Info: Redefining \ref on input line 6428.
LaTeX Info: Redefining \pageref on input line 6432.
\Hy@abspage=\count130
\c@Item=\count131
\c@Hfootnote=\count132
)

Package hyperref Message: Driver (autodetected): hpdftex.

(E:\СѓС‡РµР±Р°\PortableTEX\texmfs\install\tex\latex\hyperref\hpdftex.def
File: hpdftex.def 2017/03/14 v6.85a Hyperref driver for pdfTeX
\Fld@listcount=\count133
\c@bookmark@seq@number=\count134

(E:\СѓС‡РµР±Р°\PortableTEX\texmfs\install\tex\latex\oberdiek\rerunfilecheck.sty
Package: rerunfilecheck 2016/05/16 v1.8 Rerun checks for auxiliary files (HO)
Package uniquecounter Info: New unique counter `rerunfilecheck' on input line 2
82.
)
\Hy@SectionHShift=\skip62
)
\c@lem=\count135
 (practice.aux

LaTeX Warning: Label `fig:fact-08' multiply defined.

)
\openout1 = `practice.aux'.

LaTeX Font Info:    Checking defaults for OML/cmm/m/it on input line 91.
LaTeX Font Info:    ... okay on input line 91.
LaTeX Font Info:    Checking defaults for T1/cmr/m/n on input line 91.
LaTeX Font Info:    ... okay on input line 91.
LaTeX Font Info:    Checking defaults for OT1/cmr/m/n on input line 91.
LaTeX Font Info:    ... okay on input line 91.
LaTeX Font Info:    Checking defaults for OMS/cmsy/m/n on input line 91.
LaTeX Font Info:    ... okay on input line 91.
LaTeX Font Info:    Checking defaults for OMX/cmex/m/n on input line 91.
LaTeX Font Info:    ... okay on input line 91.
LaTeX Font Info:    Checking defaults for U/cmr/m/n on input line 91.
LaTeX Font Info:    ... okay on input line 91.
LaTeX Font Info:    Checking defaults for T2A/cmr/m/n on input line 91.
LaTeX Font Info:    ... okay on input line 91.
LaTeX Font Info:    Checking defaults for PD1/pdf/m/n on input line 91.
LaTeX Font Info:    ... okay on input line 91.
LaTeX Font Info:    Checking defaults for PU/pdf/m/n on input line 91.
LaTeX Font Info:    ... okay on input line 91.

*geometry* driver: auto-detecting
*geometry* detected driver: pdftex
*geometry* verbose mode - [ preamble ] result:
* driver: pdftex
* paper: a4paper
* layout: <same size as paper>
* layoutoffset:(h,v)=(0.0pt,0.0pt)
* modes: 
* h-part:(L,W,R)=(71.13188pt, 483.69687pt, 42.67912pt)
* v-part:(T,H,B)=(56.9055pt, 731.23584pt, 56.9055pt)
* \paperwidth=597.50787pt
* \paperheight=845.04684pt
* \textwidth=483.69687pt
* \textheight=731.23584pt
* \oddsidemargin=-1.1381pt
* \evensidemargin=-1.1381pt
* \topmargin=-15.36449pt
* \headheight=0.0pt
* \headsep=0.0pt
* \topskip=14.0pt
* \footskip=28.45274pt
* \marginparwidth=24.0pt
* \marginparsep=10.0pt
* \columnsep=10.0pt
* \skip\footins=12.0pt plus 4.0pt minus 2.0pt
* \hoffset=0.0pt
* \voffset=0.0pt
* \mag=1000
* \@twocolumnfalse
* \@twosidefalse
* \@mparswitchfalse
* \@reversemarginfalse
* (1in=72.27pt=25.4mm, 1cm=28.453pt)

Package caption Info: Begin \AtBeginDocument code.
Package caption Info: hyperref package is loaded.
Package caption Info: listings package is loaded.
Package caption Info: longtable package is loaded.
(E:\СѓС‡РµР±Р°\PortableTEX\texmfs\install\tex\latex\caption\ltcaption.sty
Package: ltcaption 2013/06/09 v1.4-94 longtable captions (AR)
)
Package caption Info: End \AtBeginDocument code.

(E:\СѓС‡РµР±Р°\PortableTEX\texmfs\install\tex\context\base\supp-pdf.mkii
[Loading MPS to PDF converter (version 2006.09.02).]
\scratchcounter=\count136
\scratchdimen=\dimen151
\scratchbox=\box37
\nofMPsegments=\count137
\nofMParguments=\count138
\everyMPshowfont=\toks34
\MPscratchCnt=\count139
\MPscratchDim=\dimen152
\MPnumerator=\count140
\makeMPintoPDFobject=\count141
\everyMPtoPDFconversion=\toks35
)
(E:\СѓС‡РµР±Р°\PortableTEX\texmfs\install\tex\latex\oberdiek\epstopdf-base.sty
Package: epstopdf-base 2016/05/15 v2.6 Base part for package epstopdf

(E:\СѓС‡РµР±Р°\PortableTEX\texmfs\install\tex\latex\oberdiek\grfext.sty
Package: grfext 2016/05/16 v1.2 Manage graphics extensions (HO)
)
Package epstopdf-base Info: Redefining graphics rule for `.eps' on input line 4
38.
Package grfext Info: Graphics extension search list:
(grfext)             [.pdf,.png,.jpg,.mps,.jpeg,.jbig2,.jb2,.PDF,.PNG,.JPG,.JPE
G,.JBIG2,.JB2,.eps]
(grfext)             \AppendGraphicsExtensions on input line 456.
)
\c@lstlisting=\count142
\AtBeginShipoutBox=\box38
Package hyperref Info: Link coloring ON on input line 91.

(E:\СѓС‡РµР±Р°\PortableTEX\texmfs\install\tex\latex\hyperref\nameref.sty
Package: nameref 2016/05/21 v2.44 Cross-referencing by name of section

(E:\СѓС‡РµР±Р°\PortableTEX\texmfs\install\tex\generic\oberdiek\gettitlestring.s
ty
Package: gettitlestring 2016/05/16 v1.5 Cleanup title references (HO)
)
\c@section@level=\count143
)
LaTeX Info: Redefining \ref on input line 91.
LaTeX Info: Redefining \pageref on input line 91.
LaTeX Info: Redefining \nameref on input line 91.
 (practice.out) (practice.out)
\@outlinefile=\write4
\openout4 = `practice.out'.

LaTeX Font Info:    Try loading font information for U+msa on input line 152.

(E:\СѓС‡РµР±Р°\PortableTEX\texmfs\install\tex\latex\amsfonts\umsa.fd
File: umsa.fd 2013/01/14 v3.01 AMS symbols A
)
LaTeX Font Info:    Try loading font information for U+msb on input line 152.

(E:\СѓС‡РµР±Р°\PortableTEX\texmfs\install\tex\latex\amsfonts\umsb.fd
File: umsb.fd 2013/01/14 v3.01 AMS symbols B
)
Package babel Info: Redefining russian shorthand "|
(babel)             in language  on input line 152.
Package babel Info: Redefining russian shorthand "~
(babel)             in language  on input line 152.
Package babel Info: Redefining russian shorthand "|
(babel)             in language  on input line 152.
Package babel Info: Redefining russian shorthand "~
(babel)             in language  on input line 152.
 [1

{E:/СѓС‡РµР±Р°/PortableTEX/texmfs/data/pdftex/config/pdftex.map}]
Package babel Info: Redefining russian shorthand "|
(babel)             in language  on input line 152.
Package babel Info: Redefining russian shorthand "~
(babel)             in language  on input line 152.
Package babel Info: Redefining russian shorthand "|
(babel)             in language  on input line 152.
Package babel Info: Redefining russian shorthand "~
(babel)             in language  on input line 152.
 [2] (practice.toc)
\tf@toc=\write5
\openout5 = `practice.toc'.

Package babel Info: Redefining russian shorthand "|
(babel)             in language  on input line 173.
Package babel Info: Redefining russian shorthand "~
(babel)             in language  on input line 173.
Package babel Info: Redefining russian shorthand "|
(babel)             in language  on input line 173.
Package babel Info: Redefining russian shorthand "~
(babel)             in language  on input line 173.

[3

]
Package babel Info: Redefining russian shorthand "|
(babel)             in language  on input line 173.
Package babel Info: Redefining russian shorthand "~
(babel)             in language  on input line 173.
Package babel Info: Redefining russian shorthand "|
(babel)             in language  on input line 190.
Package babel Info: Redefining russian shorthand "~
(babel)             in language  on input line 190.
Package babel Info: Redefining russian shorthand "|
(babel)             in language  on input line 190.
Package babel Info: Redefining russian shorthand "~
(babel)             in language  on input line 190.
 [4

]
Package babel Info: Redefining russian shorthand "|
(babel)             in language  on input line 190.
Package babel Info: Redefining russian shorthand "~
(babel)             in language  on input line 190.
Package babel Info: Redefining russian shorthand "|
(babel)             in language  on input line 193.
Package babel Info: Redefining russian shorthand "~
(babel)             in language  on input line 193.

Overfull \hbox (1.73238pt too wide) in paragraph at lines 195--196
\T2A/cmr/m/n/14.4 все те ок-на, кноп-ки, тек-сто-вые по-ля для вво-да, скрол-ле
-ры, спис-ки, ра-диокноп-
 []


Overfull \hbox (7.4406pt too wide) in paragraph at lines 199--200
[]\T2A/cmr/m/n/14.4 Событийно-ориентированное про-грам-ми-ро-ва-ние ба-зи-ру-ет
-ся на объектно-
 []

(E:\СѓС‡РµР±Р°\PortableTEX\texmfs\install\tex\latex\listings\lstlang1.sty
File: lstlang1.sty 2015/06/04 1.6 listings language file
)
LaTeX Font Info:    Try loading font information for OMS+cmr on input line 207.


(E:\СѓС‡РµР±Р°\PortableTEX\texmfs\install\tex\latex\base\omscmr.fd
File: omscmr.fd 2014/09/29 v2.5h Standard LaTeX font definitions
)
LaTeX Font Info:    Font shape `OMS/cmr/m/n' in size <14.4> not available
(Font)              Font shape `OMS/cmsy/m/n' tried instead on input line 207.
LaTeX Font Info:    Try loading font information for T2A+cmtt on input line 219
.

(E:\СѓС‡РµР±Р°\PortableTEX\texmfs\install\tex\latex\cyrillic\t2acmtt.fd
File: t2acmtt.fd 2001/08/11 v1.0a Computer Modern Cyrillic font definitions
)
<1.jpg, id=96, 217.5628pt x 164.86594pt>
File: 1.jpg Graphic file (type jpg)
<use 1.jpg>
Package pdftex.def Info: 1.jpg  used on input line 223.
(pdftex.def)             Requested size: 217.56227pt x 164.86551pt.
Package babel Info: Redefining russian shorthand "|
(babel)             in language  on input line 225.
Package babel Info: Redefining russian shorthand "~
(babel)             in language  on input line 225.
Package babel Info: Redefining russian shorthand "|
(babel)             in language  on input line 225.
Package babel Info: Redefining russian shorthand "~
(babel)             in language  on input line 225.

[5

]
Package babel Info: Redefining russian shorthand "|
(babel)             in language  on input line 228.
Package babel Info: Redefining russian shorthand "~
(babel)             in language  on input line 228.
Package babel Info: Redefining russian shorthand "|
(babel)             in language  on input line 239.
Package babel Info: Redefining russian shorthand "~
(babel)             in language  on input line 239.
Package babel Info: Redefining russian shorthand "|
(babel)             in language  on input line 239.
Package babel Info: Redefining russian shorthand "~
(babel)             in language  on input line 239.
 [6 <./1.jpg>]
Overfull \hbox (9.63625pt too wide) in paragraph at lines 240--241
\T2A/cmr/m/n/14.4 мо-гут на-зы-вать-ся [][]\T2A/cmtt/m/n/14.4 WM_TAKE_FOCUS []\
T2A/cmr/m/n/14.4 (по-лу-че-ние фо-ку-са), [][]\T2A/cmtt/m/n/14.4 WM_DELETE_WIND
OW
 []

Package babel Info: Redefining russian shorthand "|
(babel)             in language  on input line 259.
Package babel Info: Redefining russian shorthand "~
(babel)             in language  on input line 259.

Underfull \hbox (badness 10000) in paragraph at lines 261--265

 []

Package babel Info: Redefining russian shorthand "|
(babel)             in language  on input line 265.
Package babel Info: Redefining russian shorthand "~
(babel)             in language  on input line 265.
Package babel Info: Redefining russian shorthand "|
(babel)             in language  on input line 265.
Package babel Info: Redefining russian shorthand "~
(babel)             in language  on input line 265.
[7]
<2.jpg, id=135, 296.60812pt x 172.39406pt>
File: 2.jpg Graphic file (type jpg)
<use 2.jpg>
Package pdftex.def Info: 2.jpg  used on input line 285.
(pdftex.def)             Requested size: 296.60739pt x 172.39363pt.
Package babel Info: Redefining russian shorthand "|
(babel)             in language  on input line 291.
Package babel Info: Redefining russian shorthand "~
(babel)             in language  on input line 291.
Package babel Info: Redefining russian shorthand "|
(babel)             in language  on input line 291.
Package babel Info: Redefining russian shorthand "~
(babel)             in language  on input line 291.
 [8 <./2.jpg>]
<3.jpg, id=149, 295.1025pt x 170.13562pt>
File: 3.jpg Graphic file (type jpg)
<use 3.jpg>
Package pdftex.def Info: 3.jpg  used on input line 309.
(pdftex.def)             Requested size: 295.10176pt x 170.1352pt.
Package babel Info: Redefining russian shorthand "|
(babel)             in language  on input line 323.
Package babel Info: Redefining russian shorthand "~
(babel)             in language  on input line 323.
Package babel Info: Redefining russian shorthand "|
(babel)             in language  on input line 323.
Package babel Info: Redefining russian shorthand "~
(babel)             in language  on input line 323.
 [9 <./3.jpg>]
<4.jpg, id=169, 292.84406pt x 169.38281pt>
File: 4.jpg Graphic file (type jpg)
<use 4.jpg>
Package pdftex.def Info: 4.jpg  used on input line 331.
(pdftex.def)             Requested size: 292.84334pt x 169.38239pt.
Package babel Info: Redefining russian shorthand "|
(babel)             in language  on input line 349.
Package babel Info: Redefining russian shorthand "~
(babel)             in language  on input line 349.
Package babel Info: Redefining russian shorthand "|
(babel)             in language  on input line 349.
Package babel Info: Redefining russian shorthand "~
(babel)             in language  on input line 349.
 [10 <./4.jpg>]
<5.jpg, id=189, 292.84406pt x 163.3603pt>
File: 5.jpg Graphic file (type jpg)
<use 5.jpg>
Package pdftex.def Info: 5.jpg  used on input line 356.
(pdftex.def)             Requested size: 292.84334pt x 163.3599pt.
<6.jpg, id=190, 291.33844pt x 111.41624pt>
File: 6.jpg Graphic file (type jpg)
<use 6.jpg>
Package pdftex.def Info: 6.jpg  used on input line 379.
(pdftex.def)             Requested size: 291.33772pt x 111.41597pt.
Package babel Info: Redefining russian shorthand "|
(babel)             in language  on input line 382.
Package babel Info: Redefining russian shorthand "~
(babel)             in language  on input line 382.
Package babel Info: Redefining russian shorthand "|
(babel)             in language  on input line 382.
Package babel Info: Redefining russian shorthand "~
(babel)             in language  on input line 382.
 [11 <./5.jpg>]
<7.jpg, id=213, 292.09125pt x 164.86594pt>
File: 7.jpg Graphic file (type jpg)
<use 7.jpg>
Package pdftex.def Info: 7.jpg  used on input line 400.
(pdftex.def)             Requested size: 292.09052pt x 164.86551pt.
Package babel Info: Redefining russian shorthand "|
(babel)             in language  on input line 405.
Package babel Info: Redefining russian shorthand "~
(babel)             in language  on input line 405.
Package babel Info: Redefining russian shorthand "|
(babel)             in language  on input line 405.
Package babel Info: Redefining russian shorthand "~
(babel)             in language  on input line 405.
 [12 <./6.jpg> <./7.jpg>]
<8.jpg, id=229, 296.60812pt x 160.34906pt>
File: 8.jpg Graphic file (type jpg)
<use 8.jpg>
Package pdftex.def Info: 8.jpg  used on input line 424.
(pdftex.def)             Requested size: 296.60739pt x 160.34866pt.
Package babel Info: Redefining russian shorthand "|
(babel)             in language  on input line 434.
Package babel Info: Redefining russian shorthand "~
(babel)             in language  on input line 434.
Package babel Info: Redefining russian shorthand "|
(babel)             in language  on input line 434.
Package babel Info: Redefining russian shorthand "~
(babel)             in language  on input line 434.
 [13 <./8.jpg>]
<9.jpg, id=251, 296.60812pt x 185.19188pt>
File: 9.jpg Graphic file (type jpg)
<use 9.jpg>
Package pdftex.def Info: 9.jpg  used on input line 457.
(pdftex.def)             Requested size: 296.60739pt x 185.1914pt.

Overfull \hbox (5.74483pt too wide) in paragraph at lines 461--462
[]$\OML/cmm/m/it/14.4 Scrollbar$ \T2A/cmr/m/n/14.4  ви-джет да-јт воз-мож-ност
ь поль-зо-ва-те-лю "про-кру-тить"другой
 []

Package babel Info: Redefining russian shorthand "|
(babel)             in language  on input line 462.
Package babel Info: Redefining russian shorthand "~
(babel)             in language  on input line 462.
Package babel Info: Redefining russian shorthand "|
(babel)             in language  on input line 462.
Package babel Info: Redefining russian shorthand "~
(babel)             in language  on input line 462.
[14 <./9.jpg>]
<10.jpg, id=267, 299.61937pt x 170.13562pt>
File: 10.jpg Graphic file (type jpg)
<use 10.jpg>
Package pdftex.def Info: 10.jpg  used on input line 477.
(pdftex.def)             Requested size: 299.61864pt x 170.1352pt.
Package babel Info: Redefining russian shorthand "|
(babel)             in language  on input line 481.
Package babel Info: Redefining russian shorthand "~
(babel)             in language  on input line 481.
Package babel Info: Redefining russian shorthand "|
(babel)             in language  on input line 486.
Package babel Info: Redefining russian shorthand "~
(babel)             in language  on input line 486.
Package babel Info: Redefining russian shorthand "|
(babel)             in language  on input line 486.
Package babel Info: Redefining russian shorthand "~
(babel)             in language  on input line 486.
 [15 <./10.jpg>]
<11.jpg, id=284, 296.60812pt x 169.38281pt>
File: 11.jpg Graphic file (type jpg)
<use 11.jpg>
Package pdftex.def Info: 11.jpg  used on input line 506.
(pdftex.def)             Requested size: 296.60739pt x 169.38239pt.
Package babel Info: Redefining russian shorthand "|
(babel)             in language  on input line 517.
Package babel Info: Redefining russian shorthand "~
(babel)             in language  on input line 517.
Package babel Info: Redefining russian shorthand "|
(babel)             in language  on input line 517.
Package babel Info: Redefining russian shorthand "~
(babel)             in language  on input line 517.
 [16 <./11.jpg>]
Package babel Info: Redefining russian shorthand "|
(babel)             in language  on input line 550.
Package babel Info: Redefining russian shorthand "~
(babel)             in language  on input line 550.
Package babel Info: Redefining russian shorthand "|
(babel)             in language  on input line 550.
Package babel Info: Redefining russian shorthand "~
(babel)             in language  on input line 550.
 [17]
Overfull \hbox (20.43939pt too wide) in paragraph at lines 553--554
\T2A/cmr/m/n/14.4 прав-ле-нии. Гра-ни-цы на-зва-ны в со-от-вет-ствии со сто-ро-
на-ми све-та. "n"(север)
 []

Package babel Info: Redefining russian shorthand "|
(babel)             in language  on input line 567.
Package babel Info: Redefining russian shorthand "~
(babel)             in language  on input line 567.
Package babel Info: Redefining russian shorthand "|
(babel)             in language  on input line 567.
Package babel Info: Redefining russian shorthand "~
(babel)             in language  on input line 567.
[18]
Overfull \hbox (11.7111pt too wide) in paragraph at lines 568--570
\T2A/cmr/m/n/14.4 кон-фи-гу-ри-ро-ва-ния упа-ков-щи-ка. Ме-то-ды при-ни-ма-ют н
о-мер стро-ки/столб-
 []

<12.jpg, id=332, 370.38374pt x 281.55188pt>
File: 12.jpg Graphic file (type jpg)
<use 12.jpg>
Package pdftex.def Info: 12.jpg  used on input line 579.
(pdftex.def)             Requested size: 370.38283pt x 281.55118pt.
Package babel Info: Redefining russian shorthand "|
(babel)             in language  on input line 584.
Package babel Info: Redefining russian shorthand "~
(babel)             in language  on input line 584.
Package babel Info: Redefining russian shorthand "|
(babel)             in language  on input line 584.
Package babel Info: Redefining russian shorthand "~
(babel)             in language  on input line 584.
[19 <./12.jpg>]
Overfull \hbox (0.63614pt too wide) in paragraph at lines 587--588
\T2A/cmr/m/n/14.4 ор-ди-на-ты. При-ни-ма-ет зна-че-ния N, NE, E, SE, SW, W, NW 
или CENTER.
 []

<13.jpg, id=340, 545.03625pt x 247.92625pt>
File: 13.jpg Graphic file (type jpg)
<use 13.jpg>
Package pdftex.def Info: 13.jpg  used on input line 608.
(pdftex.def)             Requested size: 327.02428pt x 148.7569pt.
Package babel Info: Redefining russian shorthand "|
(babel)             in language  on input line 611.
Package babel Info: Redefining russian shorthand "~
(babel)             in language  on input line 611.
Package babel Info: Redefining russian shorthand "|
(babel)             in language  on input line 611.
Package babel Info: Redefining russian shorthand "~
(babel)             in language  on input line 611.
[20]
Package babel Info: Redefining russian shorthand "|
(babel)             in language  on input line 612.
Package babel Info: Redefining russian shorthand "~
(babel)             in language  on input line 612.
Package babel Info: Redefining russian shorthand "|
(babel)             in language  on input line 635.
Package babel Info: Redefining russian shorthand "~
(babel)             in language  on input line 635.
Package babel Info: Redefining russian shorthand "|
(babel)             in language  on input line 635.
Package babel Info: Redefining russian shorthand "~
(babel)             in language  on input line 635.
 [21 <./13.jpg>]
Overfull \hbox (0.77158pt too wide) in paragraph at lines 650--652
[]\T2A/cmr/m/n/14.4 Эта функ-ция мо-жет воз-вра-щать стро-ки "continue"и "break
". Ес-ли функ-
 []

<14.jpg, id=358, 212.29312pt x 60.225pt>
File: 14.jpg Graphic file (type jpg)
<use 14.jpg>
Package pdftex.def Info: 14.jpg  used on input line 667.
(pdftex.def)             Requested size: 212.2926pt x 60.22484pt.
Package babel Info: Redefining russian shorthand "|
(babel)             in language  on input line 672.
Package babel Info: Redefining russian shorthand "~
(babel)             in language  on input line 672.
Package babel Info: Redefining russian shorthand "|
(babel)             in language  on input line 672.
Package babel Info: Redefining russian shorthand "~
(babel)             in language  on input line 672.
[22]
Package babel Info: Redefining russian shorthand "|
(babel)             in language  on input line 703.
Package babel Info: Redefining russian shorthand "~
(babel)             in language  on input line 703.
Package babel Info: Redefining russian shorthand "|
(babel)             in language  on input line 703.
Package babel Info: Redefining russian shorthand "~
(babel)             in language  on input line 703.
 [23 <./14.jpg>]
Package babel Info: Redefining russian shorthand "|
(babel)             in language  on input line 738.
Package babel Info: Redefining russian shorthand "~
(babel)             in language  on input line 738.
Package babel Info: Redefining russian shorthand "|
(babel)             in language  on input line 738.
Package babel Info: Redefining russian shorthand "~
(babel)             in language  on input line 738.
 [24]
<15.jpg, id=390, 297.36093pt x 195.73125pt>
File: 15.jpg Graphic file (type jpg)
<use 15.jpg>
Package pdftex.def Info: 15.jpg  used on input line 755.
(pdftex.def)             Requested size: 297.3602pt x 195.73076pt.
Package babel Info: Redefining russian shorthand "|
(babel)             in language  on input line 764.
Package babel Info: Redefining russian shorthand "~
(babel)             in language  on input line 764.
Package babel Info: Redefining russian shorthand "|
(babel)             in language  on input line 764.
Package babel Info: Redefining russian shorthand "~
(babel)             in language  on input line 764.
 [25 <./15.jpg>]
Package babel Info: Redefining russian shorthand "|
(babel)             in language  on input line 769.
Package babel Info: Redefining russian shorthand "~
(babel)             in language  on input line 769.
Package babel Info: Redefining russian shorthand "|
(babel)             in language  on input line 799.
Package babel Info: Redefining russian shorthand "~
(babel)             in language  on input line 799.
Package babel Info: Redefining russian shorthand "|
(babel)             in language  on input line 799.
Package babel Info: Redefining russian shorthand "~
(babel)             in language  on input line 799.
 [26]
<16.jpg, id=434, 292.84406pt x 78.2925pt>
File: 16.jpg Graphic file (type jpg)
<use 16.jpg>
Package pdftex.def Info: 16.jpg  used on input line 815.
(pdftex.def)             Requested size: 292.84334pt x 78.2923pt.
Package babel Info: Redefining russian shorthand "|
(babel)             in language  on input line 835.
Package babel Info: Redefining russian shorthand "~
(babel)             in language  on input line 835.
Package babel Info: Redefining russian shorthand "|
(babel)             in language  on input line 835.
Package babel Info: Redefining russian shorthand "~
(babel)             in language  on input line 835.
 [27 <./16.jpg>]
<17.jpg, id=456, 291.33844pt x 150.5625pt>
File: 17.jpg Graphic file (type jpg)
<use 17.jpg>
Package pdftex.def Info: 17.jpg  used on input line 843.
(pdftex.def)             Requested size: 291.33772pt x 150.56212pt.
Package babel Info: Redefining russian shorthand "|
(babel)             in language  on input line 864.
Package babel Info: Redefining russian shorthand "~
(babel)             in language  on input line 864.
Package babel Info: Redefining russian shorthand "|
(babel)             in language  on input line 864.
Package babel Info: Redefining russian shorthand "~
(babel)             in language  on input line 864.
 [28 <./17.jpg>]
<18.jpg, id=483, 299.61937pt x 322.20375pt>
File: 18.jpg Graphic file (type jpg)
<use 18.jpg>
Package pdftex.def Info: 18.jpg  used on input line 870.
(pdftex.def)             Requested size: 299.61864pt x 322.20296pt.
Package babel Info: Redefining russian shorthand "|
(babel)             in language  on input line 874.
Package babel Info: Redefining russian shorthand "~
(babel)             in language  on input line 874.
Package babel Info: Redefining russian shorthand "|
(babel)             in language  on input line 878.
Package babel Info: Redefining russian shorthand "~
(babel)             in language  on input line 878.
Package babel Info: Redefining russian shorthand "|
(babel)             in language  on input line 878.
Package babel Info: Redefining russian shorthand "~
(babel)             in language  on input line 878.

[29 <./18.jpg>]
Package babel Info: Redefining russian shorthand "|
(babel)             in language  on input line 879.
Package babel Info: Redefining russian shorthand "~
(babel)             in language  on input line 879.
Package babel Info: Redefining russian shorthand "|
(babel)             in language  on input line 879.
Package babel Info: Redefining russian shorthand "~
(babel)             in language  on input line 879.
 [30]
Package babel Info: Redefining russian shorthand "|
(babel)             in language  on input line 879.
Package babel Info: Redefining russian shorthand "~
(babel)             in language  on input line 879.
Package babel Info: Redefining russian shorthand "|
(babel)             in language  on input line 890.
Package babel Info: Redefining russian shorthand "~
(babel)             in language  on input line 890.
Package babel Info: Redefining russian shorthand "|
(babel)             in language  on input line 890.
Package babel Info: Redefining russian shorthand "~
(babel)             in language  on input line 890.
 [31

]
Package babel Info: Redefining russian shorthand "|
(babel)             in language  on input line 890.
Package babel Info: Redefining russian shorthand "~
(babel)             in language  on input line 890.

Overfull \hbox (28.44203pt too wide) in paragraph at lines 908--909
[]\T2A/cmr/m/n/14.4 При ис-поль-зо-ва-нии упа-ков-щи-ка place ука-за-ны ат-ри-б
у-ты: anchor = CENTER,
 []

Package babel Info: Redefining russian shorthand "|
(babel)             in language  on input line 925.
Package babel Info: Redefining russian shorthand "~
(babel)             in language  on input line 925.
Package babel Info: Redefining russian shorthand "|
(babel)             in language  on input line 925.
Package babel Info: Redefining russian shorthand "~
(babel)             in language  on input line 925.
[32

]
Overfull \hbox (17.194pt too wide) in paragraph at lines 929--930
\T2A/cmr/m/n/14.4 поль-зо-ва-тель мо-жет вы-брать толь-ко один пункт из эле-мен
-тов RadioButton,
 []

Package babel Info: Redefining russian shorthand "|
(babel)             in language  on input line 937.
Package babel Info: Redefining russian shorthand "~
(babel)             in language  on input line 937.
Package babel Info: Redefining russian shorthand "|
(babel)             in language  on input line 937.
Package babel Info: Redefining russian shorthand "~
(babel)             in language  on input line 937.
[33]
Package babel Info: Redefining russian shorthand "|
(babel)             in language  on input line 937.
Package babel Info: Redefining russian shorthand "~
(babel)             in language  on input line 937.
 (practice.bbl
Package babel Info: Redefining russian shorthand "|
(babel)             in language  on input line 1.
Package babel Info: Redefining russian shorthand "~
(babel)             in language  on input line 1.
Package babel Info: Redefining russian shorthand "|
(babel)             in language  on input line 1.
Package babel Info: Redefining russian shorthand "~
(babel)             in language  on input line 1.
 [34

]
Package babel Info: Redefining russian shorthand "|
(babel)             in language  on input line 1.
Package babel Info: Redefining russian shorthand "~
(babel)             in language  on input line 1.

Underfull \hbox (badness 2478) in paragraph at lines 21--25
\T2A/cmtt/m/n/14.4 courses / 49 / 49 / lecture / 27080 ? page = 2/$[][] \T2A/cm
r/m/n/14.4 (Дата обращения 22.09.2020).
 []

)
Package babel Info: Redefining russian shorthand "|
(babel)             in language  on input line 959.
Package babel Info: Redefining russian shorthand "~
(babel)             in language  on input line 959.
Package babel Info: Redefining russian shorthand "|
(babel)             in language  on input line 959.
Package babel Info: Redefining russian shorthand "~
(babel)             in language  on input line 959.
 [35

]
Package babel Info: Redefining russian shorthand "|
(babel)             in language  on input line 959.
Package babel Info: Redefining russian shorthand "~
(babel)             in language  on input line 959.
<19.jpg, id=549, 316.46652pt x 173.448pt>
File: 19.jpg Graphic file (type jpg)
<use 19.jpg>
Package pdftex.def Info: 19.jpg  used on input line 982.
(pdftex.def)             Requested size: 316.46574pt x 173.44757pt.
Package babel Info: Redefining russian shorthand "|
(babel)             in language  on input line 990.
Package babel Info: Redefining russian shorthand "~
(babel)             in language  on input line 990.
Package babel Info: Redefining russian shorthand "|
(babel)             in language  on input line 990.
Package babel Info: Redefining russian shorthand "~
(babel)             in language  on input line 990.
 [36

 <./19.jpg>]
Package babel Info: Redefining russian shorthand "|
(babel)             in language  on input line 1021.
Package babel Info: Redefining russian shorthand "~
(babel)             in language  on input line 1021.
Package babel Info: Redefining russian shorthand "|
(babel)             in language  on input line 1021.
Package babel Info: Redefining russian shorthand "~
(babel)             in language  on input line 1021.
 [37]
<20.jpg, id=608, 452.63843pt x 249.52168pt>
File: 20.jpg Graphic file (type jpg)
<use 20.jpg>
Package pdftex.def Info: 20.jpg  used on input line 1043.
(pdftex.def)             Requested size: 316.84473pt x 174.66399pt.
Package babel Info: Redefining russian shorthand "|
(babel)             in language  on input line 1046.
Package babel Info: Redefining russian shorthand "~
(babel)             in language  on input line 1046.
Package babel Info: Redefining russian shorthand "|
(babel)             in language  on input line 1046.
Package babel Info: Redefining russian shorthand "~
(babel)             in language  on input line 1046.
 [38 <./20.jpg>]
<21.jpg, id=633, 190.94495pt x 242.67505pt>
File: 21.jpg Graphic file (type jpg)
<use 21.jpg>
Package pdftex.def Info: 21.jpg  used on input line 1079.
(pdftex.def)             Requested size: 152.75615pt x 194.14029pt.


LaTeX Warning: `!h' float specifier changed to `!ht'.

Package babel Info: Redefining russian shorthand "|
(babel)             in language  on input line 1082.
Package babel Info: Redefining russian shorthand "~
(babel)             in language  on input line 1082.
Package babel Info: Redefining russian shorthand "|
(babel)             in language  on input line 1082.
Package babel Info: Redefining russian shorthand "~
(babel)             in language  on input line 1082.
[39]
<22.jpg, id=665, 181.42781pt x 97.11281pt>
File: 22.jpg Graphic file (type jpg)
<use 22.jpg>
Package pdftex.def Info: 22.jpg  used on input line 1109.
(pdftex.def)             Requested size: 145.14244pt x 77.69034pt.


LaTeX Warning: `!h' float specifier changed to `!ht'.

Package babel Info: Redefining russian shorthand "|
(babel)             in language  on input line 1114.
Package babel Info: Redefining russian shorthand "~
(babel)             in language  on input line 1114.
Package babel Info: Redefining russian shorthand "|
(babel)             in language  on input line 1114.
Package babel Info: Redefining russian shorthand "~
(babel)             in language  on input line 1114.
[40 <./21.jpg>]
Package babel Info: Redefining russian shorthand "|
(babel)             in language  on input line 1143.
Package babel Info: Redefining russian shorthand "~
(babel)             in language  on input line 1143.
Package babel Info: Redefining russian shorthand "|
(babel)             in language  on input line 1143.
Package babel Info: Redefining russian shorthand "~
(babel)             in language  on input line 1143.
 [41 <./22.jpg>]
<23.jpg, id=725, 344.61378pt x 90.52768pt>
File: 23.jpg Graphic file (type jpg)
<use 23.jpg>
Package pdftex.def Info: 23.jpg  used on input line 1166.
(pdftex.def)             Requested size: 275.69139pt x 72.42221pt.
Package babel Info: Redefining russian shorthand "|
(babel)             in language  on input line 1179.
Package babel Info: Redefining russian shorthand "~
(babel)             in language  on input line 1179.
Package babel Info: Redefining russian shorthand "|
(babel)             in language  on input line 1179.
Package babel Info: Redefining russian shorthand "~
(babel)             in language  on input line 1179.
 [42 <./23.jpg>]
Package babel Info: Redefining russian shorthand "|
(babel)             in language  on input line 1212.
Package babel Info: Redefining russian shorthand "~
(babel)             in language  on input line 1212.
Package babel Info: Redefining russian shorthand "|
(babel)             in language  on input line 1212.
Package babel Info: Redefining russian shorthand "~
(babel)             in language  on input line 1212.
 [43]
Package babel Info: Redefining russian shorthand "|
(babel)             in language  on input line 1243.
Package babel Info: Redefining russian shorthand "~
(babel)             in language  on input line 1243.
Package babel Info: Redefining russian shorthand "|
(babel)             in language  on input line 1243.
Package babel Info: Redefining russian shorthand "~
(babel)             in language  on input line 1243.
 [44]
<24.jpg, id=830, 301.25179pt x 270.06158pt>
File: 24.jpg Graphic file (type jpg)
<use 24.jpg>
Package pdftex.def Info: 24.jpg  used on input line 1274.
(pdftex.def)             Requested size: 271.12408pt x 243.05316pt.


LaTeX Warning: `!h' float specifier changed to `!ht'.

Package babel Info: Redefining russian shorthand "|
(babel)             in language  on input line 1277.
Package babel Info: Redefining russian shorthand "~
(babel)             in language  on input line 1277.
Package babel Info: Redefining russian shorthand "|
(babel)             in language  on input line 1277.
Package babel Info: Redefining russian shorthand "~
(babel)             in language  on input line 1277.
[45]
<25.jpg, id=863, 347.04657pt x 152.82094pt>
File: 25.jpg Graphic file (type jpg)
<use 25.jpg>
Package pdftex.def Info: 25.jpg  used on input line 1280.
(pdftex.def)             Requested size: 277.63762pt x 122.2569pt.
<26.jpg, id=864, 303.38344pt x 139.27031pt>
File: 26.jpg Graphic file (type jpg)
<use 26.jpg>
Package pdftex.def Info: 26.jpg  used on input line 1285.
(pdftex.def)             Requested size: 242.70708pt x 111.41638pt.
Package babel Info: Redefining russian shorthand "|
(babel)             in language  on input line 1288.
Package babel Info: Redefining russian shorthand "~
(babel)             in language  on input line 1288.
Package babel Info: Redefining russian shorthand "|
(babel)             in language  on input line 1288.
Package babel Info: Redefining russian shorthand "~
(babel)             in language  on input line 1288.
 [46 <./24.jpg> <./25.jpg> <./26.jpg>]
<27.jpg, id=872, 371.13657pt x 164.86594pt>
File: 27.jpg Graphic file (type jpg)
<use 27.jpg>
Package pdftex.def Info: 27.jpg  used on input line 1291.
(pdftex.def)             Requested size: 259.79381pt x 115.40535pt.
Package babel Info: Redefining russian shorthand "|
(babel)             in language  on input line 1321.
Package babel Info: Redefining russian shorthand "~
(babel)             in language  on input line 1321.
Package babel Info: Redefining russian shorthand "|
(babel)             in language  on input line 1321.
Package babel Info: Redefining russian shorthand "~
(babel)             in language  on input line 1321.
 [47 <./27.jpg>]
<28.jpg, id=902, 300.3722pt x 322.20375pt>
File: 28.jpg Graphic file (type jpg)
<use 28.jpg>
Package pdftex.def Info: 28.jpg  used on input line 1327.
(pdftex.def)             Requested size: 240.29807pt x 257.76334pt.
Package atveryend Info: Empty hook `BeforeClearDocument' on input line 1331.
Package babel Info: Redefining russian shorthand "|
(babel)             in language  on input line 1331.
Package babel Info: Redefining russian shorthand "~
(babel)             in language  on input line 1331.
Package babel Info: Redefining russian shorthand "|
(babel)             in language  on input line 1331.
Package babel Info: Redefining russian shorthand "~
(babel)             in language  on input line 1331.
 [48 <./28.jpg>]
Package atveryend Info: Empty hook `AfterLastShipout' on input line 1331.

(practice.aux)
Package atveryend Info: Executing hook `AtVeryEndDocument' on input line 1331.
Package atveryend Info: Executing hook `AtEndAfterFileList' on input line 1331.

Package rerunfilecheck Info: File `practice.out' has not changed.
(rerunfilecheck)             Checksum: E453E18E7DF6B2014D0386ED7D873E53;2824.


LaTeX Warning: There were multiply-defined labels.

Package atveryend Info: Empty hook `AtVeryVeryEnd' on input line 1331.
 ) 
Here is how much of TeX's memory you used:
 16800 strings out of 493307
 238637 string characters out of 3129325
 374259 words of memory out of 3000000
 19481 multiletter control sequences out of 15000+200000
 10506 words of font info for 32 fonts, out of 3000000 for 9000
 1141 hyphenation exceptions out of 8191
 43i,7n,41p,716b,2002s stack positions out of 5000i,500n,10000p,200000b,50000s
 <E:\СѓС‡РµР±Р°\PortableTEX\texmfs/data\fonts\pk\ljfour\lh\lh-t2a\dpi600\lati
1440.pk> <E:\СѓС‡РµР±Р°\PortableTEX\texmfs/data\fonts\pk\ljfour\lh\lh-t2a\dpi60
0\larm1200.pk> <E:\СѓС‡РµР±Р°\PortableTEX\texmfs/data\fonts\pk\ljfour\lh\lh-t2a
\dpi600\latt1440.pk> <E:\СѓС‡РµР±Р°\PortableTEX\texmfs/data\fonts\pk\ljfour\lh\
lh-t2a\dpi600\labx1440.pk> <E:\СѓС‡РµР±Р°\PortableTEX\texmfs/data\fonts\pk\ljfo
ur\lh\lh-t2a\dpi600\larm1440.pk><E:/СѓС‡РµР±Р°/PortableTEX/texmfs/install/fonts
/type1/public/amsfonts/cm/cmmi12.pfb><E:/СѓС‡РµР±Р°/PortableTEX/texmfs/install/
fonts/type1/public/amsfonts/cm/cmr12.pfb><E:/СѓС‡РµР±Р°/PortableTEX/texmfs/inst
all/fonts/type1/public/amsfonts/cm/cmsy10.pfb><E:/СѓС‡РµР±Р°/PortableTEX/texmfs
/install/fonts/type1/public/txfonts/t1xbtt.pfb><E:/СѓС‡РµР±Р°/PortableTEX/texmf
s/install/fonts/type1/public/txfonts/t1xtt.pfb>
Output written on practice.pdf (48 pages, 1122804 bytes).
PDF statistics:
 1611 PDF objects out of 1728 (max. 8388607)
 646 named destinations out of 1000 (max. 500000)
 253 words of extra memory for PDF output out of 10000 (max. 10000000)

