c:\users\makesar\desktop\ssu\комп графика\project2\project1\debug\vc142.pdb
c:\users\makesar\desktop\ssu\комп графика\project2\project1\debug\.netframework,version=v4.6.1.assemblyattributes.obj
c:\users\makesar\desktop\ssu\комп графика\project2\project1\debug\.netframework,version=v4.6.1.assemblyattributes.asm
c:\users\makesar\desktop\ssu\комп графика\project2\project1\debug\myform.obj
c:\users\makesar\desktop\ssu\комп графика\project4\project1\debug\vc142.pdb
c:\users\makesar\desktop\ssu\комп графика\project4\project1\debug\myform.obj
c:\users\makesar\desktop\ssu\комп графика\project2\project1\debug\project1.myform.resources
c:\users\makesar\desktop\ssu\комп графика\project4\project1\debug\project1.myform.resources
c:\users\makesar\desktop\ssu\комп графика\project2\debug\golikova.exe
c:\users\makesar\desktop\ssu\комп графика\project2\debug\golikova.pdb
c:\users\makesar\desktop\ssu\комп графика\project4\debug\golikova.exe
c:\users\makesar\desktop\ssu\комп графика\project4\debug\golikova.pdb
c:\users\makesar\desktop\ssu\комп графика\project6\project1\debug\project1.vcxproj.generateresource.cache
c:\users\makesar\desktop\ssu\комп графика\project6\project1\debug\project1.vcxprojassemblyreference.cache
c:\users\makesar\desktop\ssu\комп графика\project6\project1\debug\.netframework,version=v4.6.1.assemblyattributes.obj
c:\users\makesar\desktop\ssu\комп графика\project6\project1\debug\myform.obj
c:\users\makesar\desktop\ssu\комп графика\project6\project1\debug\project1.myform.resources
c:\users\makesar\desktop\ssu\комп графика\project6\project1\debug\vc142.pdb
c:\users\makesar\desktop\ssu\комп графика\project6\debug\golikova.pdb
c:\users\makesar\desktop\ssu\комп графика\project6\debug\golikova.exe
c:\users\makesar\desktop\ssu\комп графика\project6\project1\debug\golikova.tlog\cl.command.1.tlog
c:\users\makesar\desktop\ssu\комп графика\project6\project1\debug\golikova.tlog\cl.read.1.tlog
c:\users\makesar\desktop\ssu\комп графика\project6\project1\debug\golikova.tlog\cl.write.1.tlog
c:\users\makesar\desktop\ssu\комп графика\project6\project1\debug\golikova.tlog\golikova.write.1u.tlog
c:\users\makesar\desktop\ssu\комп графика\project6\project1\debug\golikova.tlog\link.command.1.tlog
c:\users\makesar\desktop\ssu\комп графика\project6\project1\debug\golikova.tlog\link.read.1.tlog
c:\users\makesar\desktop\ssu\комп графика\project6\project1\debug\golikova.tlog\link.write.1.tlog
c:\users\makesar\desktop\ssu\комп графика\project6\project1\debug\golikova.tlog\metagen.read.1.tlog
c:\users\makesar\desktop\ssu\комп графика\project6\project1\debug\golikova.tlog\metagen.write.1.tlog
