C:\Program Files (x86)\Microsoft Visual Studio\2019\Community\MSBuild\Microsoft\VC\v160\Microsoft.CppBuild.targets(411,5): warning MSB8028: промежуточный каталог (x64\Debug\) содержит файлы, которые используются совместно с другим проектом (GolikovA.vcxproj).  Это может привести к ошибкам очистки и перестроения.
  MyForm.cpp
E:\учеба\SSU\Компьютерная графика\Новая папка\task_5(3D)\Project1\MyForm.h(68): warning C4305: инициализация: усечение из "double" в "float"
E:\учеба\SSU\Компьютерная графика\Новая папка\task_5(3D)\Project1\MyForm.h(189): warning C4244: аргумент: преобразование "float" в "int", возможна потеря данных
E:\учеба\SSU\Компьютерная графика\Новая папка\task_5(3D)\Project1\MyForm.h(244): warning C4305: аргумент: усечение из "double" в "float"
E:\учеба\SSU\Компьютерная графика\Новая папка\task_5(3D)\Project1\MyForm.h(249): warning C4305: аргумент: усечение из "double" в "float"
E:\учеба\SSU\Компьютерная графика\Новая папка\task_5(3D)\Project1\MyForm.h(254): warning C4305: -=: усечение из "double" в "float"
E:\учеба\SSU\Компьютерная графика\Новая папка\task_5(3D)\Project1\MyForm.h(259): warning C4305: +=: усечение из "double" в "float"
E:\учеба\SSU\Компьютерная графика\Новая папка\task_5(3D)\Project1\MyForm.h(264): warning C4305: -=: усечение из "double" в "float"
E:\учеба\SSU\Компьютерная графика\Новая папка\task_5(3D)\Project1\MyForm.h(269): warning C4305: +=: усечение из "double" в "float"
E:\учеба\SSU\Компьютерная графика\Новая папка\task_5(3D)\Project1\MyForm.h(274): warning C4305: аргумент: усечение из "double" в "float"
E:\учеба\SSU\Компьютерная графика\Новая папка\task_5(3D)\Project1\MyForm.h(279): warning C4305: аргумент: усечение из "double" в "float"
E:\учеба\SSU\Компьютерная графика\Новая папка\task_5(3D)\Project1\MyForm.h(284): warning C4305: аргумент: усечение из "double" в "float"
E:\учеба\SSU\Компьютерная графика\Новая папка\task_5(3D)\Project1\MyForm.h(289): warning C4305: аргумент: усечение из "double" в "float"
E:\учеба\SSU\Компьютерная графика\Новая папка\task_5(3D)\Project1\MyForm.h(294): warning C4305: аргумент: усечение из "double" в "float"
E:\учеба\SSU\Компьютерная графика\Новая папка\task_5(3D)\Project1\MyForm.h(299): warning C4305: аргумент: усечение из "double" в "float"
E:\учеба\SSU\Компьютерная графика\Новая папка\task_5(3D)\Project1\Matrix.h(99): warning C4172: возвращение адреса локальной или временной переменной
  .NETFramework,Version=v4.6.1.AssemblyAttributes.cpp
  MyForm.obj : обнаружен модуль MSIL; для MSIL последовательная компоновка отключена; выполняется полная компоновка
  Project1.vcxproj -> E:\учеба\SSU\Компьютерная графика\Новая папка\task_5(3D)\x64\Debug\Task5(3D).exe
