This is pdfTeX, Version 3.14159265-2.6-1.40.18 (MiKTeX 2.9.6500) (preloaded format=pdflatex 2018.1.22)  30 OCT 2019 09:28
entering extended mode
**./example-work.tex
(example-work.tex
LaTeX2e <2017-04-15>
Babel <3.16> and hyphenation patterns for 75 language(s) loaded.
(SCWorks.cls
(C:\Users\Makesar\Desktop\PortableTEX\texmfs\install\tex\latex\extsizes\extarti
cle.cls
Document Class: extarticle 1996/10/08 v1.0 Non Standard LaTeX document class

(C:\Users\Makesar\Desktop\PortableTEX\texmfs\install\tex\latex\extsizes\size14.
clo
File: size14.clo 1999/11/11 v1.4a NON-Standard LaTeX file (size option)
)
(C:\Users\Makesar\Desktop\PortableTEX\texmfs\install\tex\latex\base\exscale.sty
Package: exscale 2014/09/29 v2.1h Standard LaTeX package exscale
LaTeX Font Info:    Redeclaring symbol font `largesymbols' on input line 57.
LaTeX Font Info:    Overwriting symbol font `largesymbols' in version `normal'
(Font)                  OMX/cmex/m/n --> OMX/cmex/m/n on input line 57.
LaTeX Font Info:    Overwriting symbol font `largesymbols' in version `bold'
(Font)                  OMX/cmex/m/n --> OMX/cmex/m/n on input line 57.
\big@size=\dimen102
)
\c@part=\count79
\c@section=\count80
\c@subsection=\count81
\c@subsubsection=\count82
\c@paragraph=\count83
\c@subparagraph=\count84
\c@figure=\count85
\c@table=\count86
\abovecaptionskip=\skip41
\belowcaptionskip=\skip42
\bibindent=\dimen103
)
(C:\Users\Makesar\Desktop\PortableTEX\texmfs\install\tex\latex\geometry\geometr
y.sty
Package: geometry 2010/09/12 v5.6 Page Geometry

(C:\Users\Makesar\Desktop\PortableTEX\texmfs\install\tex\latex\graphics\keyval.
sty
Package: keyval 2014/10/28 v1.15 key=value parser (DPC)
\KV@toks@=\toks14
)
(C:\Users\Makesar\Desktop\PortableTEX\texmfs\install\tex\generic\oberdiek\ifpdf
.sty
Package: ifpdf 2017/03/15 v3.2 Provides the ifpdf switch
)
(C:\Users\Makesar\Desktop\PortableTEX\texmfs\install\tex\generic\oberdiek\ifvte
x.sty
Package: ifvtex 2016/05/16 v1.6 Detect VTeX and its facilities (HO)
Package ifvtex Info: VTeX not detected.
)
(C:\Users\Makesar\Desktop\PortableTEX\texmfs\install\tex\generic\ifxetex\ifxete
x.sty
Package: ifxetex 2010/09/12 v0.6 Provides ifxetex conditional
)
\Gm@cnth=\count87
\Gm@cntv=\count88
\c@Gm@tempcnt=\count89
\Gm@bindingoffset=\dimen104
\Gm@wd@mp=\dimen105
\Gm@odd@mp=\dimen106
\Gm@even@mp=\dimen107
\Gm@layoutwidth=\dimen108
\Gm@layoutheight=\dimen109
\Gm@layouthoffset=\dimen110
\Gm@layoutvoffset=\dimen111
\Gm@dimlist=\toks15

(C:\Users\Makesar\Desktop\PortableTEX\texmfs\install\tex\latex\geometry\geometr
y.cfg))
(C:\Users\Makesar\Desktop\PortableTEX\texmfs\install\tex\latex\setspace\setspac
e.sty
Package: setspace 2011/12/19 v6.7a set line spacing
)
(C:\Users\Makesar\Desktop\PortableTEX\texmfs\install\tex\latex\tools\calc.sty
Package: calc 2014/10/28 v4.3 Infix arithmetic (KKT,FJ)
\calc@Acount=\count90
\calc@Bcount=\count91
\calc@Adimen=\dimen112
\calc@Bdimen=\dimen113
\calc@Askip=\skip43
\calc@Bskip=\skip44
LaTeX Info: Redefining \setlength on input line 80.
LaTeX Info: Redefining \addtolength on input line 81.
\calc@Ccount=\count92
\calc@Cskip=\skip45
)
(C:\Users\Makesar\Desktop\PortableTEX\texmfs\install\tex\latex\titlesec\titlese
c.sty
Package: titlesec 2016/03/21 v2.10.2 Sectioning titles
\ttl@box=\box26
\beforetitleunit=\skip46
\aftertitleunit=\skip47
\ttl@plus=\dimen114
\ttl@minus=\dimen115
\ttl@toksa=\toks16
\titlewidth=\dimen116
\titlewidthlast=\dimen117
\titlewidthfirst=\dimen118
)
(C:\Users\Makesar\Desktop\PortableTEX\texmfs\install\tex\latex\titlesec\titleto
c.sty
Package: titletoc 2011/12/15 v1.6 TOC entries
\ttl@leftsep=\dimen119
)
(C:\Users\Makesar\Desktop\PortableTEX\texmfs\install\tex\latex\caption\caption.
sty
Package: caption 2016/02/21 v3.3-144 Customizing captions (AR)

(C:\Users\Makesar\Desktop\PortableTEX\texmfs\install\tex\latex\caption\caption3
.sty
Package: caption3 2016/05/22 v1.7-166 caption3 kernel (AR)
Package caption3 Info: TeX engine: e-TeX on input line 67.
\captionmargin=\dimen120
\captionmargin@=\dimen121
\captionwidth=\dimen122
\caption@tempdima=\dimen123
\caption@indent=\dimen124
\caption@parindent=\dimen125
\caption@hangindent=\dimen126
)
\c@ContinuedFloat=\count93
)
(C:\Users\Makesar\Desktop\PortableTEX\texmfs\install\tex\latex\graphics\graphic
x.sty
Package: graphicx 2017/06/01 v1.1a Enhanced LaTeX Graphics (DPC,SPQR)

(C:\Users\Makesar\Desktop\PortableTEX\texmfs\install\tex\latex\graphics\graphic
s.sty
Package: graphics 2017/06/25 v1.2c Standard LaTeX Graphics (DPC,SPQR)

(C:\Users\Makesar\Desktop\PortableTEX\texmfs\install\tex\latex\graphics\trig.st
y
Package: trig 2016/01/03 v1.10 sin cos tan (DPC)
)
(C:\Users\Makesar\Desktop\PortableTEX\texmfs\install\tex\latex\graphics-cfg\gra
phics.cfg
File: graphics.cfg 2016/06/04 v1.11 sample graphics configuration
)
Package graphics Info: Driver file: pdftex.def on input line 99.

(C:\Users\Makesar\Desktop\PortableTEX\texmfs\install\tex\latex\graphics-def\pdf
tex.def
File: pdftex.def 2018/01/08 v1.0l Graphics/color driver for pdftex
))
\Gin@req@height=\dimen127
\Gin@req@width=\dimen128
)
(C:\Users\Makesar\Desktop\PortableTEX\texmfs\install\tex\latex\enumitem\enumite
m.sty
Package: enumitem 2011/09/28 v3.5.2 Customized lists
\labelindent=\skip48
\enit@outerparindent=\dimen129
\enit@toks=\toks17
\enit@inbox=\box27
\enitdp@description=\count94
)
\tmp=\skip49

(C:\Users\Makesar\Desktop\PortableTEX\texmfs\install\tex\latex\titlesec\block.t
ss
File: block.tss 2016/03/15
))
(C:\Users\Makesar\Desktop\PortableTEX\texmfs\install\tex\latex\base\fontenc.sty
Package: fontenc 2017/04/05 v2.0i Standard LaTeX package

(C:\Users\Makesar\Desktop\PortableTEX\texmfs\install\tex\latex\cyrillic\t2aenc.
def
File: t2aenc.def 2005/09/27 v1.0i Cyrillic encoding definition file
)
LaTeX Font Info:    Try loading font information for T2A+cmr on input line 105.


(C:\Users\Makesar\Desktop\PortableTEX\texmfs\install\tex\latex\cyrillic\t2acmr.
fd
File: t2acmr.fd 2001/08/11 v1.0a Computer Modern Cyrillic font definitions
))
(C:\Users\Makesar\Desktop\PortableTEX\texmfs\install\tex\latex\base\inputenc.st
y
Package: inputenc 2015/03/17 v1.2c Input encoding file
\inpenc@prehook=\toks18
\inpenc@posthook=\toks19

(C:\Users\Makesar\Desktop\PortableTEX\texmfs\install\tex\latex\cyrillic\cp1251.
def
File: cp1251.def 2014/10/28 v1.0d Input encoding file
))
(C:\Users\Makesar\Desktop\PortableTEX\texmfs\install\tex\latex\cite\cite.sty
LaTeX Info: Redefining \cite on input line 302.
LaTeX Info: Redefining \nocite on input line 332.
Package: cite 2015/02/27  v 5.5
)
(C:\Users\Makesar\Desktop\PortableTEX\texmfs\install\tex\latex\amsmath\amsmath.
sty
Package: amsmath 2017/09/02 v2.17a AMS math features
\@mathmargin=\skip50

For additional information on amsmath, use the `?' option.

(C:\Users\Makesar\Desktop\PortableTEX\texmfs\install\tex\latex\amsmath\amstext.
sty
Package: amstext 2000/06/29 v2.01 AMS text

(C:\Users\Makesar\Desktop\PortableTEX\texmfs\install\tex\latex\amsmath\amsgen.s
ty
File: amsgen.sty 1999/11/30 v2.0 generic functions
\@emptytoks=\toks20
\ex@=\dimen130
))
(C:\Users\Makesar\Desktop\PortableTEX\texmfs\install\tex\latex\amsmath\amsbsy.s
ty
Package: amsbsy 1999/11/29 v1.2d Bold Symbols
\pmbraise@=\dimen131
)
(C:\Users\Makesar\Desktop\PortableTEX\texmfs\install\tex\latex\amsmath\amsopn.s
ty
Package: amsopn 2016/03/08 v2.02 operator names
)
\inf@bad=\count95
LaTeX Info: Redefining \frac on input line 213.
\uproot@=\count96
\leftroot@=\count97
LaTeX Info: Redefining \overline on input line 375.
\classnum@=\count98
\DOTSCASE@=\count99
LaTeX Info: Redefining \ldots on input line 472.
LaTeX Info: Redefining \dots on input line 475.
LaTeX Info: Redefining \cdots on input line 596.
\Mathstrutbox@=\box28
\strutbox@=\box29
\big@size=\dimen132
LaTeX Font Info:    Redeclaring font encoding OML on input line 712.
LaTeX Font Info:    Redeclaring font encoding OMS on input line 713.
\macc@depth=\count100
\c@MaxMatrixCols=\count101
\dotsspace@=\muskip10
\c@parentequation=\count102
\dspbrk@lvl=\count103
\tag@help=\toks21
\row@=\count104
\column@=\count105
\maxfields@=\count106
\andhelp@=\toks22
\eqnshift@=\dimen133
\alignsep@=\dimen134
\tagshift@=\dimen135
\tagwidth@=\dimen136
\totwidth@=\dimen137
\lineht@=\dimen138
\@envbody=\toks23
\multlinegap=\skip51
\multlinetaggap=\skip52
\mathdisplay@stack=\toks24
LaTeX Info: Redefining \[ on input line 2817.
LaTeX Info: Redefining \] on input line 2818.
)
(C:\Users\Makesar\Desktop\PortableTEX\texmfs\install\tex\latex\amsfonts\amssymb
.sty
Package: amssymb 2013/01/14 v3.01 AMS font symbols

(C:\Users\Makesar\Desktop\PortableTEX\texmfs\install\tex\latex\amsfonts\amsfont
s.sty
Package: amsfonts 2013/01/14 v3.01 Basic AMSFonts support
\symAMSa=\mathgroup4
\symAMSb=\mathgroup5
LaTeX Font Info:    Overwriting math alphabet `\mathfrak' in version `bold'
(Font)                  U/euf/m/n --> U/euf/b/n on input line 106.
))
(C:\Users\Makesar\Desktop\PortableTEX\texmfs\install\tex\latex\amscls\amsthm.st
y
Package: amsthm 2017/10/31 v2.20.4
\thm@style=\toks25
\thm@bodyfont=\toks26
\thm@headfont=\toks27
\thm@notefont=\toks28
\thm@headpunct=\toks29
\thm@preskip=\skip53
\thm@postskip=\skip54
\thm@headsep=\skip55
\dth@everypar=\toks30
)
(C:\Users\Makesar\Desktop\PortableTEX\texmfs\install\tex\latex\fancyvrb\fancyvr
b.sty
Package: fancyvrb 2008/02/07

Style option: `fancyvrb' v2.7a, with DG/SPQR fixes, and firstline=lastline fix 
<2008/02/07> (tvz)
\FV@CodeLineNo=\count107
\FV@InFile=\read1
\FV@TabBox=\box30
\c@FancyVerbLine=\count108
\FV@StepNumber=\count109
\FV@OutFile=\write3
)
(C:\Users\Makesar\Desktop\PortableTEX\texmfs\install\tex\latex\tools\longtable.
sty
Package: longtable 2014/10/28 v4.11 Multi-page Table package (DPC)
\LTleft=\skip56
\LTright=\skip57
\LTpre=\skip58
\LTpost=\skip59
\LTchunksize=\count110
\LTcapwidth=\dimen139
\LT@head=\box31
\LT@firsthead=\box32
\LT@foot=\box33
\LT@lastfoot=\box34
\LT@cols=\count111
\LT@rows=\count112
\c@LT@tables=\count113
\c@LT@chunks=\count114
\LT@p@ftn=\toks31
)
(C:\Users\Makesar\Desktop\PortableTEX\texmfs\install\tex\latex\tools\array.sty
Package: array 2016/10/06 v2.4d Tabular extension package (FMi)
\col@sep=\dimen140
\extrarowheight=\dimen141
\NC@list=\toks32
\extratabsurround=\skip60
\backup@length=\skip61
)
(C:\Users\Makesar\Desktop\PortableTEX\texmfs\install\tex\generic\babel\babel.st
y
Package: babel 2018/01/04 3.16 The Babel package

(C:\Users\Makesar\Desktop\PortableTEX\texmfs\install\tex\generic\babel\switch.d
ef
File: switch.def 2018/01/04 3.16 Babel switching mechanism
)
*************************************
* Local config file bblopts.cfg used
*

(C:\Users\Makesar\Desktop\PortableTEX\texmfs\install\tex\latex\arabi\bblopts.cf
g
File: bblopts.cfg 2005/09/08 v0.1 add Arabic and Farsi to "declared" options of
 babel
)
(C:\Users\Makesar\Desktop\PortableTEX\texmfs\install\tex\latex\babel-english\en
glish.ldf
Language: english 2017/06/06 v3.3r English support from the babel system

(C:\Users\Makesar\Desktop\PortableTEX\texmfs\install\tex\generic\babel\babel.de
f
File: babel.def 2018/01/04 3.16 Babel common definitions

(C:\Users\Makesar\Desktop\PortableTEX\texmfs\install\tex\generic\babel\switch.d
ef
File: switch.def 2018/01/04 3.16 Babel switching mechanism
)
\babel@savecnt=\count115
\U@D=\dimen142

(C:\Users\Makesar\Desktop\PortableTEX\texmfs\install\tex\generic\babel\txtbabel
.def)
\bbl@dirlevel=\count116
)
\l@canadian = a dialect from \language\l@american 
\l@australian = a dialect from \language\l@british 
\l@newzealand = a dialect from \language\l@british 
)
(C:\Users\Makesar\Desktop\PortableTEX\texmfs\install\tex\latex\babel-russian\ru
ssianb.ldf
Language: russian 2017/08/12 1.3j Russian support for the Babel system
Package babel Info: Making " an active character on input line 120.
Package babel Info: Default for \cyrdash is provided on input line 157.
))
(C:\Users\Makesar\Desktop\PortableTEX\texmfs\install\tex\latex\listings\listing
s.sty
\lst@mode=\count117
\lst@gtempboxa=\box35
\lst@token=\toks33
\lst@length=\count118
\lst@currlwidth=\dimen143
\lst@column=\count119
\lst@pos=\count120
\lst@lostspace=\dimen144
\lst@width=\dimen145
\lst@newlines=\count121
\lst@lineno=\count122
\lst@maxwidth=\dimen146

(C:\Users\Makesar\Desktop\PortableTEX\texmfs\install\tex\latex\listings\lstmisc
.sty
File: lstmisc.sty 2015/06/04 1.6 (Carsten Heinz)
\c@lstnumber=\count123
\lst@skipnumbers=\count124
\lst@framebox=\box36
)
(C:\Users\Makesar\Desktop\PortableTEX\texmfs\install\tex\latex\listings\listing
s.cfg
File: listings.cfg 2015/06/04 1.6 listings configuration
))
Package: listings 2015/06/04 1.6 (Carsten Heinz)

(C:\Users\Makesar\Desktop\PortableTEX\texmfs\install\tex\latex\listings\lstlang
1.sty
File: lstlang1.sty 2015/06/04 1.6 listings language file
)
(C:\Users\Makesar\Desktop\PortableTEX\texmfs\install\tex\latex\listings\lstmisc
.sty
File: lstmisc.sty 2015/06/04 1.6 (Carsten Heinz)
)
(C:\Users\Makesar\Desktop\PortableTEX\texmfs\install\tex\latex\hyperref\hyperre
f.sty
Package: hyperref 2017/03/14 v6.85a Hypertext links for LaTeX

(C:\Users\Makesar\Desktop\PortableTEX\texmfs\install\tex\generic\oberdiek\hobsu
b-hyperref.sty
Package: hobsub-hyperref 2016/05/16 v1.14 Bundle oberdiek, subset hyperref (HO)


(C:\Users\Makesar\Desktop\PortableTEX\texmfs\install\tex\generic\oberdiek\hobsu
b-generic.sty
Package: hobsub-generic 2016/05/16 v1.14 Bundle oberdiek, subset generic (HO)
Package: hobsub 2016/05/16 v1.14 Construct package bundles (HO)
Package: infwarerr 2016/05/16 v1.4 Providing info/warning/error messages (HO)
Package: ltxcmds 2016/05/16 v1.23 LaTeX kernel commands for general use (HO)
Package: ifluatex 2016/05/16 v1.4 Provides the ifluatex switch (HO)
Package ifluatex Info: LuaTeX not detected.
Package hobsub Info: Skipping package `ifvtex' (already loaded).
Package: intcalc 2016/05/16 v1.2 Expandable calculations with integers (HO)
Package hobsub Info: Skipping package `ifpdf' (already loaded).
Package: etexcmds 2016/05/16 v1.6 Avoid name clashes with e-TeX commands (HO)
Package etexcmds Info: Could not find \expanded.
(etexcmds)             That can mean that you are not using pdfTeX 1.50 or
(etexcmds)             that some package has redefined \expanded.
(etexcmds)             In the latter case, load this package earlier.
Package: kvsetkeys 2016/05/16 v1.17 Key value parser (HO)
Package: kvdefinekeys 2016/05/16 v1.4 Define keys (HO)
Package: pdftexcmds 2017/03/19 v0.25 Utility functions of pdfTeX for LuaTeX (HO
)
Package pdftexcmds Info: LuaTeX not detected.
Package pdftexcmds Info: \pdf@primitive is available.
Package pdftexcmds Info: \pdf@ifprimitive is available.
Package pdftexcmds Info: \pdfdraftmode found.
Package: pdfescape 2016/05/16 v1.14 Implements pdfTeX's escape features (HO)
Package: bigintcalc 2016/05/16 v1.4 Expandable calculations on big integers (HO
)
Package: bitset 2016/05/16 v1.2 Handle bit-vector datatype (HO)
Package: uniquecounter 2016/05/16 v1.3 Provide unlimited unique counter (HO)
)
Package hobsub Info: Skipping package `hobsub' (already loaded).
Package: letltxmacro 2016/05/16 v1.5 Let assignment for LaTeX macros (HO)
Package: hopatch 2016/05/16 v1.3 Wrapper for package hooks (HO)
Package: xcolor-patch 2016/05/16 xcolor patch
Package: atveryend 2016/05/16 v1.9 Hooks at the very end of document (HO)
Package atveryend Info: \enddocument detected (standard20110627).
Package: atbegshi 2016/06/09 v1.18 At begin shipout hook (HO)
Package: refcount 2016/05/16 v3.5 Data extraction from label references (HO)
Package: hycolor 2016/05/16 v1.8 Color options for hyperref/bookmark (HO)
)
(C:\Users\Makesar\Desktop\PortableTEX\texmfs\install\tex\latex\oberdiek\auxhook
.sty
Package: auxhook 2016/05/16 v1.4 Hooks for auxiliary files (HO)
)
(C:\Users\Makesar\Desktop\PortableTEX\texmfs\install\tex\latex\oberdiek\kvoptio
ns.sty
Package: kvoptions 2016/05/16 v3.12 Key value format for package options (HO)
)
\@linkdim=\dimen147
\Hy@linkcounter=\count125
\Hy@pagecounter=\count126

(C:\Users\Makesar\Desktop\PortableTEX\texmfs\install\tex\latex\hyperref\pd1enc.
def
File: pd1enc.def 2017/03/14 v6.85a Hyperref: PDFDocEncoding definition (HO)
)
\Hy@SavedSpaceFactor=\count127
Package hyperref Info: Option `unicode' set `true' on input line 3453.

(C:\Users\Makesar\Desktop\PortableTEX\texmfs\install\tex\latex\hyperref\puenc.d
ef
File: puenc.def 2017/03/14 v6.85a Hyperref: PDF Unicode definition (HO)
)
(C:\Users\Makesar\Desktop\PortableTEX\texmfs\install\tex\latex\00miktex\hyperre
f.cfg
File: hyperref.cfg 2002/06/06 v1.2 hyperref configuration of TeXLive
)
Package hyperref Info: Option `colorlinks' set `true' on input line 4374.
Package hyperref Info: Hyper figures OFF on input line 4498.
Package hyperref Info: Link nesting OFF on input line 4503.
Package hyperref Info: Hyper index ON on input line 4506.
Package hyperref Info: Plain pages OFF on input line 4513.
Package hyperref Info: Backreferencing OFF on input line 4518.
Package hyperref Info: Implicit mode ON; LaTeX internals redefined.
Package hyperref Info: Bookmarks ON on input line 4751.
\c@Hy@tempcnt=\count128

(C:\Users\Makesar\Desktop\PortableTEX\texmfs\install\tex\latex\url\url.sty
\Urlmuskip=\muskip11
Package: url 2013/09/16  ver 3.4  Verb mode for urls, etc.
)
LaTeX Info: Redefining \url on input line 5104.
\XeTeXLinkMargin=\dimen148
\Fld@menulength=\count129
\Field@Width=\dimen149
\Fld@charsize=\dimen150
Package hyperref Info: Hyper figures OFF on input line 6358.
Package hyperref Info: Link nesting OFF on input line 6363.
Package hyperref Info: Hyper index ON on input line 6366.
Package hyperref Info: backreferencing OFF on input line 6373.
Package hyperref Info: Link coloring ON on input line 6376.
Package hyperref Info: Link coloring with OCG OFF on input line 6383.
Package hyperref Info: PDF/A mode OFF on input line 6388.
LaTeX Info: Redefining \ref on input line 6428.
LaTeX Info: Redefining \pageref on input line 6432.
\Hy@abspage=\count130
\c@Item=\count131
\c@Hfootnote=\count132
)

Package hyperref Message: Driver (autodetected): hpdftex.


(C:\Users\Makesar\Desktop\PortableTEX\texmfs\install\tex\latex\hyperref\hpdftex
.def
File: hpdftex.def 2017/03/14 v6.85a Hyperref driver for pdfTeX
\Fld@listcount=\count133
\c@bookmark@seq@number=\count134

(C:\Users\Makesar\Desktop\PortableTEX\texmfs\install\tex\latex\oberdiek\rerunfi
lecheck.sty
Package: rerunfilecheck 2016/05/16 v1.8 Rerun checks for auxiliary files (HO)
Package uniquecounter Info: New unique counter `rerunfilecheck' on input line 2
82.
)
\Hy@SectionHShift=\skip62
)
\c@lem=\count135
 (example-work.aux)
\openout1 = `example-work.aux'.

LaTeX Font Info:    Checking defaults for OML/cmm/m/it on input line 58.
LaTeX Font Info:    ... okay on input line 58.
LaTeX Font Info:    Checking defaults for T1/cmr/m/n on input line 58.
LaTeX Font Info:    ... okay on input line 58.
LaTeX Font Info:    Checking defaults for OT1/cmr/m/n on input line 58.
LaTeX Font Info:    ... okay on input line 58.
LaTeX Font Info:    Checking defaults for OMS/cmsy/m/n on input line 58.
LaTeX Font Info:    ... okay on input line 58.
LaTeX Font Info:    Checking defaults for OMX/cmex/m/n on input line 58.
LaTeX Font Info:    ... okay on input line 58.
LaTeX Font Info:    Checking defaults for U/cmr/m/n on input line 58.
LaTeX Font Info:    ... okay on input line 58.
LaTeX Font Info:    Checking defaults for T2A/cmr/m/n on input line 58.
LaTeX Font Info:    ... okay on input line 58.
LaTeX Font Info:    Checking defaults for PD1/pdf/m/n on input line 58.
LaTeX Font Info:    ... okay on input line 58.
LaTeX Font Info:    Checking defaults for PU/pdf/m/n on input line 58.
LaTeX Font Info:    ... okay on input line 58.
LaTeX Font Info:    Try loading font information for T2A+ftm on input line 58.

(C:\Users\Makesar\Desktop\PortableTEX\texmfs\localtexmf\tex\latex\pscyr\t2aftm.
fd
File: t2aftm.fd 2001/03/03 v0.4c PS font definitions for T2A/TimesNewRomanPSMT/
PSCyr
)
*geometry* driver: auto-detecting
*geometry* detected driver: pdftex
*geometry* verbose mode - [ preamble ] result:
* driver: pdftex
* paper: a4paper
* layout: <same size as paper>
* layoutoffset:(h,v)=(0.0pt,0.0pt)
* modes: 
* h-part:(L,W,R)=(71.13188pt, 483.69687pt, 42.67912pt)
* v-part:(T,H,B)=(56.9055pt, 731.23584pt, 56.9055pt)
* \paperwidth=597.50787pt
* \paperheight=845.04684pt
* \textwidth=483.69687pt
* \textheight=731.23584pt
* \oddsidemargin=-1.1381pt
* \evensidemargin=-1.1381pt
* \topmargin=-15.36449pt
* \headheight=0.0pt
* \headsep=0.0pt
* \topskip=14.0pt
* \footskip=28.45274pt
* \marginparwidth=24.0pt
* \marginparsep=10.0pt
* \columnsep=10.0pt
* \skip\footins=12.0pt plus 4.0pt minus 2.0pt
* \hoffset=0.0pt
* \voffset=0.0pt
* \mag=1000
* \@twocolumnfalse
* \@twosidefalse
* \@mparswitchfalse
* \@reversemarginfalse
* (1in=72.27pt=25.4mm, 1cm=28.453pt)

Package caption Info: Begin \AtBeginDocument code.
Package caption Info: hyperref package is loaded.
Package caption Info: listings package is loaded.
Package caption Info: longtable package is loaded.

(C:\Users\Makesar\Desktop\PortableTEX\texmfs\install\tex\latex\caption\ltcaptio
n.sty
Package: ltcaption 2013/06/09 v1.4-94 longtable captions (AR)
)
Package caption Info: End \AtBeginDocument code.

(C:\Users\Makesar\Desktop\PortableTEX\texmfs\install\tex\context\base\supp-pdf.
mkii
[Loading MPS to PDF converter (version 2006.09.02).]
\scratchcounter=\count136
\scratchdimen=\dimen151
\scratchbox=\box37
\nofMPsegments=\count137
\nofMParguments=\count138
\everyMPshowfont=\toks34
\MPscratchCnt=\count139
\MPscratchDim=\dimen152
\MPnumerator=\count140
\makeMPintoPDFobject=\count141
\everyMPtoPDFconversion=\toks35
)
(C:\Users\Makesar\Desktop\PortableTEX\texmfs\install\tex\latex\oberdiek\epstopd
f-base.sty
Package: epstopdf-base 2016/05/15 v2.6 Base part for package epstopdf

(C:\Users\Makesar\Desktop\PortableTEX\texmfs\install\tex\latex\oberdiek\grfext.
sty
Package: grfext 2016/05/16 v1.2 Manage graphics extensions (HO)
)
Package epstopdf-base Info: Redefining graphics rule for `.eps' on input line 4
38.
Package grfext Info: Graphics extension search list:
(grfext)             [.pdf,.png,.jpg,.mps,.jpeg,.jbig2,.jb2,.PDF,.PNG,.JPG,.JPE
G,.JBIG2,.JB2,.eps]
(grfext)             \AppendGraphicsExtensions on input line 456.
)
\c@lstlisting=\count142
\AtBeginShipoutBox=\box38

(C:\Users\Makesar\Desktop\PortableTEX\texmfs\install\tex\latex\graphics\color.s
ty
Package: color 2016/07/10 v1.1e Standard LaTeX Color (DPC)

(C:\Users\Makesar\Desktop\PortableTEX\texmfs\install\tex\latex\graphics-cfg\col
or.cfg
File: color.cfg 2016/01/02 v1.6 sample color configuration
)
Package color Info: Driver file: pdftex.def on input line 147.
)
Package hyperref Info: Link coloring ON on input line 58.

(C:\Users\Makesar\Desktop\PortableTEX\texmfs\install\tex\latex\hyperref\nameref
.sty
Package: nameref 2016/05/21 v2.44 Cross-referencing by name of section

(C:\Users\Makesar\Desktop\PortableTEX\texmfs\install\tex\generic\oberdiek\getti
tlestring.sty
Package: gettitlestring 2016/05/16 v1.5 Cleanup title references (HO)
)
\c@section@level=\count143
)
LaTeX Info: Redefining \ref on input line 58.
LaTeX Info: Redefining \pageref on input line 58.
LaTeX Info: Redefining \nameref on input line 58.
 (example-work.out) (example-work.out)
\@outlinefile=\write4
\openout4 = `example-work.out'.

Package babel Info: Redefining russian shorthand "|
(babel)             in language  on input line 102.
Package babel Info: Redefining russian shorthand "~
(babel)             in language  on input line 102.
Package babel Info: Redefining russian shorthand "|
(babel)             in language  on input line 102.
Package babel Info: Redefining russian shorthand "~
(babel)             in language  on input line 102.
 [1

{C:/Users/Makesar/Desktop/PortableTEX/texmfs/data/pdftex/config/pdftex.map}] (e
xample-work.toc
LaTeX Font Info:    Try loading font information for OT1+ftm on input line 1.

(C:\Users\Makesar\Desktop\PortableTEX\texmfs\localtexmf\tex\latex\pscyr\ot1ftm.
fd
File: ot1ftm.fd 2001/03/03 Fontinst v1.801 font definitions for OT1/ftm.
)
LaTeX Font Info:    Try loading font information for U+msa on input line 2.

(C:\Users\Makesar\Desktop\PortableTEX\texmfs\install\tex\latex\amsfonts\umsa.fd
File: umsa.fd 2013/01/14 v3.01 AMS symbols A
)
LaTeX Font Info:    Try loading font information for U+msb on input line 2.

(C:\Users\Makesar\Desktop\PortableTEX\texmfs\install\tex\latex\amsfonts\umsb.fd
File: umsb.fd 2013/01/14 v3.01 AMS symbols B
))
\tf@toc=\write5
\openout5 = `example-work.toc'.

Package babel Info: Redefining russian shorthand "|
(babel)             in language  on input line 123.
Package babel Info: Redefining russian shorthand "~
(babel)             in language  on input line 123.
Package babel Info: Redefining russian shorthand "|
(babel)             in language  on input line 123.
Package babel Info: Redefining russian shorthand "~
(babel)             in language  on input line 123.
 [2

]
Package babel Info: Redefining russian shorthand "|
(babel)             in language  on input line 123.
Package babel Info: Redefining russian shorthand "~
(babel)             in language  on input line 123.
Package babel Info: Redefining russian shorthand "|
(babel)             in language  on input line 128.
Package babel Info: Redefining russian shorthand "~
(babel)             in language  on input line 128.
Package babel Info: Redefining russian shorthand "|
(babel)             in language  on input line 128.
Package babel Info: Redefining russian shorthand "~
(babel)             in language  on input line 128.
 [3

]
Package babel Info: Redefining russian shorthand "|
(babel)             in language  on input line 128.
Package babel Info: Redefining russian shorthand "~
(babel)             in language  on input line 128.
Package babel Info: Redefining russian shorthand "|
(babel)             in language  on input line 129.
Package babel Info: Redefining russian shorthand "~
(babel)             in language  on input line 129.
Package babel Info: Redefining russian shorthand "|
(babel)             in language  on input line 142.
Package babel Info: Redefining russian shorthand "~
(babel)             in language  on input line 142.
Package babel Info: Redefining russian shorthand "|
(babel)             in language  on input line 142.
Package babel Info: Redefining russian shorthand "~
(babel)             in language  on input line 142.
 [4

]
Package babel Info: Redefining russian shorthand "|
(babel)             in language  on input line 142.
Package babel Info: Redefining russian shorthand "~
(babel)             in language  on input line 142.
Package babel Info: Redefining russian shorthand "|
(babel)             in language  on input line 157.
Package babel Info: Redefining russian shorthand "~
(babel)             in language  on input line 157.
Package babel Info: Redefining russian shorthand "|
(babel)             in language  on input line 157.
Package babel Info: Redefining russian shorthand "~
(babel)             in language  on input line 157.
 [5]
Package babel Info: Redefining russian shorthand "|
(babel)             in language  on input line 166.
Package babel Info: Redefining russian shorthand "~
(babel)             in language  on input line 166.
Package babel Info: Redefining russian shorthand "|
(babel)             in language  on input line 175.
Package babel Info: Redefining russian shorthand "~
(babel)             in language  on input line 175.
Package babel Info: Redefining russian shorthand "|
(babel)             in language  on input line 175.
Package babel Info: Redefining russian shorthand "~
(babel)             in language  on input line 175.
 [6]
Package babel Info: Redefining russian shorthand "|
(babel)             in language  on input line 230.
Package babel Info: Redefining russian shorthand "~
(babel)             in language  on input line 230.
Package babel Info: Redefining russian shorthand "|
(babel)             in language  on input line 230.
Package babel Info: Redefining russian shorthand "~
(babel)             in language  on input line 230.
 [7]
Package babel Info: Redefining russian shorthand "|
(babel)             in language  on input line 259.
Package babel Info: Redefining russian shorthand "~
(babel)             in language  on input line 259.
Package babel Info: Redefining russian shorthand "|
(babel)             in language  on input line 264.
Package babel Info: Redefining russian shorthand "~
(babel)             in language  on input line 264.
Package babel Info: Redefining russian shorthand "|
(babel)             in language  on input line 264.
Package babel Info: Redefining russian shorthand "~
(babel)             in language  on input line 264.
 [8]
Package babel Info: Redefining russian shorthand "|
(babel)             in language  on input line 286.
Package babel Info: Redefining russian shorthand "~
(babel)             in language  on input line 286.
Package babel Info: Redefining russian shorthand "|
(babel)             in language  on input line 286.
Package babel Info: Redefining russian shorthand "~
(babel)             in language  on input line 286.
 [9]
Package babel Info: Redefining russian shorthand "|
(babel)             in language  on input line 286.
Package babel Info: Redefining russian shorthand "~
(babel)             in language  on input line 286.
Package babel Info: Redefining russian shorthand "|
(babel)             in language  on input line 287.
Package babel Info: Redefining russian shorthand "~
(babel)             in language  on input line 287.
Package babel Info: Redefining russian shorthand "|
(babel)             in language  on input line 297.
Package babel Info: Redefining russian shorthand "~
(babel)             in language  on input line 297.
Package babel Info: Redefining russian shorthand "|
(babel)             in language  on input line 297.
Package babel Info: Redefining russian shorthand "~
(babel)             in language  on input line 297.
 [10

]
Overfull \hbox (2.53108pt too wide) in paragraph at lines 302--303
[]\T2A/ftm/m/n/14.4 Средство для вза-и-мо-дей-ствия с тек-сто-вы-ми ре-дак-то-р
а-ми поз-во-ля-ет встав-
 []

Package babel Info: Redefining russian shorthand "|
(babel)             in language  on input line 303.
Package babel Info: Redefining russian shorthand "~
(babel)             in language  on input line 303.
Package babel Info: Redefining russian shorthand "|
(babel)             in language  on input line 305.
Package babel Info: Redefining russian shorthand "~
(babel)             in language  on input line 305.
Package babel Info: Redefining russian shorthand "|
(babel)             in language  on input line 305.
Package babel Info: Redefining russian shorthand "~
(babel)             in language  on input line 305.
[11]
<mendeley.png, id=161, 1189.44376pt x 903.375pt>
File: mendeley.png Graphic file (type png)
<use mendeley.png>
Package pdftex.def Info: mendeley.png  used on input line 311.
(pdftex.def)             Requested size: 475.76907pt x 361.3436pt.
Package babel Info: Redefining russian shorthand "|
(babel)             in language  on input line 314.
Package babel Info: Redefining russian shorthand "~
(babel)             in language  on input line 314.
LaTeX Font Info:    Try loading font information for T2A+cmtt on input line 315
.

(C:\Users\Makesar\Desktop\PortableTEX\texmfs\install\tex\latex\cyrillic\t2acmtt
.fd
File: t2acmtt.fd 2001/08/11 v1.0a Computer Modern Cyrillic font definitions
)
Package babel Info: Redefining russian shorthand "|
(babel)             in language  on input line 316.
Package babel Info: Redefining russian shorthand "~
(babel)             in language  on input line 316.
Package babel Info: Redefining russian shorthand "|
(babel)             in language  on input line 316.
Package babel Info: Redefining russian shorthand "~
(babel)             in language  on input line 316.
 [12 <./mendeley.png>]
Package babel Info: Redefining russian shorthand "|
(babel)             in language  on input line 342.
Package babel Info: Redefining russian shorthand "~
(babel)             in language  on input line 342.
Package babel Info: Redefining russian shorthand "|
(babel)             in language  on input line 344.
Package babel Info: Redefining russian shorthand "~
(babel)             in language  on input line 344.
Package babel Info: Redefining russian shorthand "|
(babel)             in language  on input line 344.
Package babel Info: Redefining russian shorthand "~
(babel)             in language  on input line 344.
 [13]
Package babel Info: Redefining russian shorthand "|
(babel)             in language  on input line 348.
Package babel Info: Redefining russian shorthand "~
(babel)             in language  on input line 348.
<endnote.png, id=177, 846.16125pt x 530.73282pt>
File: endnote.png Graphic file (type png)
<use endnote.png>
Package pdftex.def Info: endnote.png  used on input line 354.
(pdftex.def)             Requested size: 423.07959pt x 265.36575pt.
Package babel Info: Redefining russian shorthand "|
(babel)             in language  on input line 357.
Package babel Info: Redefining russian shorthand "~
(babel)             in language  on input line 357.
Package babel Info: Redefining russian shorthand "|
(babel)             in language  on input line 357.
Package babel Info: Redefining russian shorthand "~
(babel)             in language  on input line 357.
 [14]
Package babel Info: Redefining russian shorthand "|
(babel)             in language  on input line 357.
Package babel Info: Redefining russian shorthand "~
(babel)             in language  on input line 357.
Package babel Info: Redefining russian shorthand "|
(babel)             in language  on input line 359.
Package babel Info: Redefining russian shorthand "~
(babel)             in language  on input line 359.
Package babel Info: Redefining russian shorthand "|
(babel)             in language  on input line 359.
Package babel Info: Redefining russian shorthand "~
(babel)             in language  on input line 359.
 [15 <./endnote.png>]
Package babel Info: Redefining russian shorthand "|
(babel)             in language  on input line 369.
Package babel Info: Redefining russian shorthand "~
(babel)             in language  on input line 369.
Package babel Info: Redefining russian shorthand "|
(babel)             in language  on input line 369.
Package babel Info: Redefining russian shorthand "~
(babel)             in language  on input line 369.
 [16]
Package babel Info: Redefining russian shorthand "|
(babel)             in language  on input line 375.
Package babel Info: Redefining russian shorthand "~
(babel)             in language  on input line 375.
Package babel Info: Redefining russian shorthand "|
(babel)             in language  on input line 375.
Package babel Info: Redefining russian shorthand "~
(babel)             in language  on input line 375.
 [17]
Package babel Info: Redefining russian shorthand "|
(babel)             in language  on input line 375.
Package babel Info: Redefining russian shorthand "~
(babel)             in language  on input line 375.
Package babel Info: Redefining russian shorthand "|
(babel)             in language  on input line 387.
Package babel Info: Redefining russian shorthand "~
(babel)             in language  on input line 387.
Package babel Info: Redefining russian shorthand "|
(babel)             in language  on input line 387.
Package babel Info: Redefining russian shorthand "~
(babel)             in language  on input line 387.
 [18

]
Overfull \hbox (8.55205pt too wide) in paragraph at lines 417--418
[]\T2A/ftm/m/n/14.4 пользователи, ча-сто со-став-ля-ю-щие до-ку-мен-ты с биб-ли
о-гра-фи-че-ским спис-
 []

Package babel Info: Redefining russian shorthand "|
(babel)             in language  on input line 418.
Package babel Info: Redefining russian shorthand "~
(babel)             in language  on input line 418.
Package babel Info: Redefining russian shorthand "|
(babel)             in language  on input line 418.
Package babel Info: Redefining russian shorthand "~
(babel)             in language  on input line 418.
[19]
<prog1.PNG, id=209, 714.41907pt x 394.47375pt>
File: prog1.PNG Graphic file (type png)
<use prog1.PNG>
Package pdftex.def Info: prog1.PNG  used on input line 427.
(pdftex.def)             Requested size: 428.65475pt x 236.68607pt.
<prog2.PNG, id=210, 713.66624pt x 395.97937pt>
File: prog2.PNG Graphic file (type png)
<use prog2.PNG>
Package pdftex.def Info: prog2.PNG  used on input line 435.
(pdftex.def)             Requested size: 428.20305pt x 237.58945pt.


LaTeX Warning: `!h' float specifier changed to `!ht'.

Package babel Info: Redefining russian shorthand "|
(babel)             in language  on input line 442.
Package babel Info: Redefining russian shorthand "~
(babel)             in language  on input line 442.
Package babel Info: Redefining russian shorthand "|
(babel)             in language  on input line 442.
Package babel Info: Redefining russian shorthand "~
(babel)             in language  on input line 442.
[20 <./prog1.PNG>]
<prog3.PNG, id=219, 713.66624pt x 392.21532pt>
File: prog3.PNG Graphic file (type png)
<use prog3.PNG>
Package pdftex.def Info: prog3.PNG  used on input line 445.
(pdftex.def)             Requested size: 428.20305pt x 235.331pt.
Package babel Info: Redefining russian shorthand "|
(babel)             in language  on input line 451.
Package babel Info: Redefining russian shorthand "~
(babel)             in language  on input line 451.
Package babel Info: Redefining russian shorthand "|
(babel)             in language  on input line 451.
Package babel Info: Redefining russian shorthand "~
(babel)             in language  on input line 451.
 [21 <./prog2.PNG> <./prog3.PNG>]
Package babel Info: Redefining russian shorthand "|
(babel)             in language  on input line 451.
Package babel Info: Redefining russian shorthand "~
(babel)             in language  on input line 451.
Package babel Info: Redefining russian shorthand "|
(babel)             in language  on input line 451.
Package babel Info: Redefining russian shorthand "~
(babel)             in language  on input line 451.
 [22]
Package babel Info: Redefining russian shorthand "|
(babel)             in language  on input line 451.
Package babel Info: Redefining russian shorthand "~
(babel)             in language  on input line 451.
 (example-work.bbl
Package babel Info: Redefining russian shorthand "|
(babel)             in language  on input line 1.
Package babel Info: Redefining russian shorthand "~
(babel)             in language  on input line 1.
Package babel Info: Redefining russian shorthand "|
(babel)             in language  on input line 1.
Package babel Info: Redefining russian shorthand "~
(babel)             in language  on input line 1.

[23

]
Package babel Info: Redefining russian shorthand "|
(babel)             in language  on input line 1.
Package babel Info: Redefining russian shorthand "~
(babel)             in language  on input line 1.

Underfull \hbox (badness 4859) in paragraph at lines 24--27
\T2A/ftm/m/n/14.4 ресурс].   URL: [][]$\T2A/cmtt/m/n/14.4 http : / / library .
 mephi . ru / icb2 / glav3 . html$[][] \T2A/ftm/m/n/14.4 (Дата
 []


Underfull \hbox (badness 10000) in paragraph at lines 33--37
[]\T2A/ftm/m/n/14.4 Библиографическая запись. Библиографическое описание: общие

 []


Underfull \hbox (badness 6268) in paragraph at lines 33--37
\T2A/ftm/m/n/14.4 требования и правила составления: ГОСТ 7.1-2003.  [Взамен
 []


Underfull \hbox (badness 1859) in paragraph at lines 33--37
\T2A/ftm/m/n/14.4 ГОСТ 7.1-84, ГОСТ 7.16-79, ГОСТ 7.18-79, ГОСТ 7.34-81, ГОСТ
 []


Underfull \hbox (badness 1838) in paragraph at lines 33--37
\T2A/ftm/m/n/14.4 7.40-82; введ. 01.07.2044 г.] [Электронный ресурс].   URL: [
][]$\T2A/cmtt/m/n/14.4 http :
 []


Underfull \hbox (badness 10000) in paragraph at lines 33--37
\T2A/cmtt/m/n/14.4 / / protect . gost . ru / v . aspx ? control = 8 & baseC = -
[]1 & page = 0 & month =
 []


Underfull \hbox (badness 10000) in paragraph at lines 33--37
\T2A/cmtt/m/n/14.4 -[]1 & year = -[]1 & search = &RegNum = 1 & DocOnPageCount =
 15 & id = 121970$[][] \T2A/ftm/m/n/14.4 (Дата
 []


Underfull \hbox (badness 10000) in paragraph at lines 41--45
[]\T2A/ftm/m/n/14.4 Библиографическая ссылка. Общие требования и правила
 []


Underfull \hbox (badness 10000) in paragraph at lines 41--45
\T2A/cmtt/m/n/14.4 / / protect . gost . ru / v . aspx ? control = 8 & baseC = -
[]1 & page = 0 & month = -[]1 &
 []


Underfull \hbox (badness 10000) in paragraph at lines 41--45
\T2A/cmtt/m/n/14.4 year = -[]1 & search = &RegNum = 1 & DocOnPageCount = 15 & i
d = 165614 & pageK =
 []


Underfull \hbox (badness 7740) in paragraph at lines 57--60
[]\T2A/ftm/m/n/14.4 Информационные, библиографические менеджеры // Библиотечно-

 []


Underfull \hbox (badness 10000) in paragraph at lines 72--76
[]\T2A/ftm/m/n/14.4 Машиночитаемый формат библиографической записи: структура,
 []


Underfull \hbox (badness 10000) in paragraph at lines 72--76
\T2A/ftm/m/n/14.4 [Электронный ресурс].   URL: [][]$\T2A/cmtt/m/n/14.4 https :
 / / studopedia . ru / 5 _ 43264 _
 []


Underfull \hbox (badness 10000) in paragraph at lines 72--76
\T2A/cmtt/m/n/14.4 mashinochitaemiy-[]format-[]bibliograficheskoy-[]zapisi-[]st
ruktura .
 []

Package babel Info: Redefining russian shorthand "|
(babel)             in language  on input line 76.
Package babel Info: Redefining russian shorthand "~
(babel)             in language  on input line 76.
Package babel Info: Redefining russian shorthand "|
(babel)             in language  on input line 76.
Package babel Info: Redefining russian shorthand "~
(babel)             in language  on input line 76.
[24

]
Underfull \hbox (badness 3646) in paragraph at lines 80--84
[]\T2A/ftm/m/n/14.4 Watermark TextBox in Win-Forms // Stack Over-flow [Электрон
ный
 []


Underfull \hbox (badness 10000) in paragraph at lines 80--84
\T2A/ftm/m/n/14.4 ресурс].   URL: [][]$\T2A/cmtt/m/n/14.4 https : / / stackove
rflow . com / questions / 4902565 /
 []

)
Package babel Info: Redefining russian shorthand "|
(babel)             in language  on input line 482.
Package babel Info: Redefining russian shorthand "~
(babel)             in language  on input line 482.
Package babel Info: Redefining russian shorthand "|
(babel)             in language  on input line 482.
Package babel Info: Redefining russian shorthand "~
(babel)             in language  on input line 482.
 [25]
Package babel Info: Redefining russian shorthand "|
(babel)             in language  on input line 482.
Package babel Info: Redefining russian shorthand "~
(babel)             in language  on input line 482.
Package babel Info: Redefining russian shorthand "|
(babel)             in language  on input line 531.
Package babel Info: Redefining russian shorthand "~
(babel)             in language  on input line 531.
Package babel Info: Redefining russian shorthand "|
(babel)             in language  on input line 531.
Package babel Info: Redefining russian shorthand "~
(babel)             in language  on input line 531.
 [26

]
Package babel Info: Redefining russian shorthand "|
(babel)             in language  on input line 579.
Package babel Info: Redefining russian shorthand "~
(babel)             in language  on input line 579.
Package babel Info: Redefining russian shorthand "|
(babel)             in language  on input line 579.
Package babel Info: Redefining russian shorthand "~
(babel)             in language  on input line 579.
 [27]
Package babel Info: Redefining russian shorthand "|
(babel)             in language  on input line 616.
Package babel Info: Redefining russian shorthand "~
(babel)             in language  on input line 616.
Package babel Info: Redefining russian shorthand "|
(babel)             in language  on input line 616.
Package babel Info: Redefining russian shorthand "~
(babel)             in language  on input line 616.
 [28]
Package babel Info: Redefining russian shorthand "|
(babel)             in language  on input line 658.
Package babel Info: Redefining russian shorthand "~
(babel)             in language  on input line 658.
Package babel Info: Redefining russian shorthand "|
(babel)             in language  on input line 658.
Package babel Info: Redefining russian shorthand "~
(babel)             in language  on input line 658.
 [29]
Package babel Info: Redefining russian shorthand "|
(babel)             in language  on input line 706.
Package babel Info: Redefining russian shorthand "~
(babel)             in language  on input line 706.
Package babel Info: Redefining russian shorthand "|
(babel)             in language  on input line 706.
Package babel Info: Redefining russian shorthand "~
(babel)             in language  on input line 706.
 [30]
Package babel Info: Redefining russian shorthand "|
(babel)             in language  on input line 751.
Package babel Info: Redefining russian shorthand "~
(babel)             in language  on input line 751.
Package babel Info: Redefining russian shorthand "|
(babel)             in language  on input line 751.
Package babel Info: Redefining russian shorthand "~
(babel)             in language  on input line 751.
 [31]
Package atveryend Info: Empty hook `BeforeClearDocument' on input line 759.
Package babel Info: Redefining russian shorthand "|
(babel)             in language  on input line 759.
Package babel Info: Redefining russian shorthand "~
(babel)             in language  on input line 759.
Package babel Info: Redefining russian shorthand "|
(babel)             in language  on input line 759.
Package babel Info: Redefining russian shorthand "~
(babel)             in language  on input line 759.
 [32]
Package atveryend Info: Empty hook `AfterLastShipout' on input line 759.
 (example-work.aux)
Package atveryend Info: Executing hook `AtVeryEndDocument' on input line 759.
Package atveryend Info: Executing hook `AtEndAfterFileList' on input line 759.
Package rerunfilecheck Info: File `example-work.out' has not changed.
(rerunfilecheck)             Checksum: 181487CDA7E92006060CFF72F5180B47;4171.
Package atveryend Info: Empty hook `AtVeryVeryEnd' on input line 759.
 ) 
Here is how much of TeX's memory you used:
 15667 strings out of 493307
 226981 string characters out of 3129325
 399982 words of memory out of 3000000
 18683 multiletter control sequences out of 15000+200000
 15655 words of font info for 36 fonts, out of 3000000 for 9000
 1141 hyphenation exceptions out of 8191
 43i,8n,49p,1176b,1909s stack positions out of 5000i,500n,10000p,200000b,50000s
{C:/Users/Makesar/Desktop/PortableTEX/texmfs/install/fonts/enc/t2/t2a.enc} <C
:\Users\Makesar\Desktop\PortableTEX\texmfs/data\fonts\pk\ljfour\lh\lh-t2a\dpi60
0\latt1200.pk> <C:\Users\Makesar\Desktop\PortableTEX\texmfs/data\fonts\pk\ljfou
r\lh\lh-t2a\dpi600\latt1440.pk><C:/Users/Makesar/Desktop/PortableTEX/texmfs/ins
tall/fonts/type1/public/amsfonts/cm/cmr10.pfb><C:/Users/Makesar/Desktop/Portabl
eTEX/texmfs/localtexmf/fonts/type1/public/pscyr/times.pfb><C:/Users/Makesar/Des
ktop/PortableTEX/texmfs/localtexmf/fonts/type1/public/pscyr/timesbd.pfb><C:/Use
rs/Makesar/Desktop/PortableTEX/texmfs/localtexmf/fonts/type1/public/pscyr/times
i.pfb>
Output written on example-work.pdf (32 pages, 783443 bytes).
PDF statistics:
 779 PDF objects out of 1000 (max. 8388607)
 336 named destinations out of 1000 (max. 500000)
 162 words of extra memory for PDF output out of 10000 (max. 10000000)

